<?xml version="1.0" encoding="utf-8"?>
<TestRun id="0440da07-16f8-408c-be6c-9586d5cee70c" name="@kens 2025-08-16 15:26:47" xmlns="http://microsoft.com/schemas/VisualStudio/TeamTest/2010">
  <Times creation="2025-08-16T15:26:47.7692160-07:00" queuing="2025-08-16T15:26:47.7692160-07:00" start="2025-08-16T15:26:47.3078790-07:00" finish="2025-08-16T15:26:50.4613100-07:00" />
  <TestSettings name="default" id="d9da1bb9-3789-4b8d-bc56-77b736889595">
    <Deployment runDeploymentRoot="_kens_2025-08-16_15_26_47" />
  </TestSettings>
  <Results>
    <UnitTestResult executionId="080ef24f-3910-490e-84eb-a338063de8a9" testId="65b927e8-217d-5930-a45f-c6fb30fffe55" testName="AppInfraCdkV1.Tests.Unit.ResourceSizingTests.GetSizingForEnvironment_ShouldReturnDifferentInstancesForDifferentAccountTypes" computerName="kens" duration="00:00:00.0000254" startTime="2025-08-16T15:26:47.7639100-07:00" endTime="2025-08-16T15:26:47.7639100-07:00" testType="13cdc9d9-ddb5-4fa4-a97d-d965ccfc6d4b" outcome="Passed" testListId="8c84fa94-04c1-424b-9868-57a2d4851a1d" relativeResultsDirectory="080ef24f-3910-490e-84eb-a338063de8a9" />
    <UnitTestResult executionId="d445cf6e-5270-415e-adc2-b508f0ffc373" testId="3a5f02bb-e377-963f-cb10-b64d86a9050d" testName="AppInfraCdkV1.Tests.Unit.SecurityConfigTests.AllowedCidrBlocks_ShouldAllowSetAndGet" computerName="kens" duration="00:00:00.0001797" startTime="2025-08-16T15:26:47.7506910-07:00" endTime="2025-08-16T15:26:47.7506910-07:00" testType="13cdc9d9-ddb5-4fa4-a97d-d965ccfc6d4b" outcome="Passed" testListId="8c84fa94-04c1-424b-9868-57a2d4851a1d" relativeResultsDirectory="d445cf6e-5270-415e-adc2-b508f0ffc373" />
    <UnitTestResult executionId="65189d4f-eb07-4ebe-85eb-63a5dc8614b6" testId="faed1658-2622-ac88-a928-7d9babff97b9" testName="AppInfraCdkV1.Tests.Unit.TrialMatchConfigurationLoaderTests.ValidateConfiguration_WithEmptyTaskDefinitionList_ShouldThrow" computerName="kens" duration="00:00:00.0001094" startTime="2025-08-16T15:26:47.7957980-07:00" endTime="2025-08-16T15:26:47.7957980-07:00" testType="13cdc9d9-ddb5-4fa4-a97d-d965ccfc6d4b" outcome="Passed" testListId="8c84fa94-04c1-424b-9868-57a2d4851a1d" relativeResultsDirectory="65189d4f-eb07-4ebe-85eb-63a5dc8614b6" />
    <UnitTestResult executionId="29c4163e-1645-4fec-944a-dc1cfd5cf538" testId="0df7bed1-f053-e24a-8833-1fbf20e0c2fb" testName="AppInfraCdkV1.Tests.Unit.EnvironmentConfigTests.EnvironmentConfig_ShouldAcceptVariousValidValues(name: &quot;Development&quot;, accountId: &quot;123456789012&quot;, region: &quot;us-east-1&quot;, accountType: NonProduction)" computerName="kens" duration="00:00:00.0001115" startTime="2025-08-16T15:26:47.7678420-07:00" endTime="2025-08-16T15:26:47.7678420-07:00" testType="13cdc9d9-ddb5-4fa4-a97d-d965ccfc6d4b" outcome="Passed" testListId="8c84fa94-04c1-424b-9868-57a2d4851a1d" relativeResultsDirectory="29c4163e-1645-4fec-944a-dc1cfd5cf538" />
    <UnitTestResult executionId="42b45295-707a-46c0-b892-0c87901ec561" testId="8c1748b1-ff74-4025-e335-650e3fdcdfe9" testName="AppInfraCdkV1.Tests.Unit.TrialMatchConfigTests.GetConfigWithStagingEnvironmentReturnsStagingConfig(environment: &quot;Staging&quot;)" computerName="kens" duration="00:00:00.0038307" startTime="2025-08-16T15:26:47.7504260-07:00" endTime="2025-08-16T15:26:47.7504260-07:00" testType="13cdc9d9-ddb5-4fa4-a97d-d965ccfc6d4b" outcome="Passed" testListId="8c84fa94-04c1-424b-9868-57a2d4851a1d" relativeResultsDirectory="42b45295-707a-46c0-b892-0c87901ec561" />
    <UnitTestResult executionId="f3765fcf-a33f-4f89-95f8-2651ffaaf598" testId="2432ccb0-5522-032e-ab71-83d4cfef709e" testName="AppInfraCdkV1.Tests.Unit.NamingConventionTests.GenerateResourceNameWithDevelopmentEnvironmentReturnsCorrectFormat" computerName="kens" duration="00:00:00.0578724" startTime="2025-08-16T15:26:47.7504470-07:00" endTime="2025-08-16T15:26:47.7504470-07:00" testType="13cdc9d9-ddb5-4fa4-a97d-d965ccfc6d4b" outcome="Passed" testListId="8c84fa94-04c1-424b-9868-57a2d4851a1d" relativeResultsDirectory="f3765fcf-a33f-4f89-95f8-2651ffaaf598" />
    <UnitTestResult executionId="9b490b76-5804-4930-a84b-1dcf803d183e" testId="04055d55-2e17-6ea5-1646-2b7f75f6125b" testName="AppInfraCdkV1.Tests.Integration.ShowNamesOnlyIntegrationTests.ShowNamesOnly_WithInvalidEnvironment_FailsWithError" computerName="kens" duration="00:00:00.0882772" startTime="2025-08-16T15:26:49.4769530-07:00" endTime="2025-08-16T15:26:49.4769530-07:00" testType="13cdc9d9-ddb5-4fa4-a97d-d965ccfc6d4b" outcome="Failed" testListId="8c84fa94-04c1-424b-9868-57a2d4851a1d" relativeResultsDirectory="9b490b76-5804-4930-a84b-1dcf803d183e">
      <Output>
        <ErrorInfo>
          <Message>Shouldly.ShouldAssertException : result.ExitCode&#xD;
    should not be&#xD;
0&#xD;
    but was&#xD;
&#xD;
Additional Info:&#xD;
    Command should fail with invalid environment</Message>
          <StackTrace>   at AppInfraCdkV1.Tests.Integration.ShowNamesOnlyIntegrationTests.ShowNamesOnly_WithInvalidEnvironment_FailsWithError() in /Users/ken/code/AppInfraCdkV1/AppInfraCdkV1.Tests/Integration/ShowNamesOnlyIntegrationTests.cs:line 182
   at System.Runtime.ExceptionServices.ExceptionDispatchInfo.Throw()
   at System.Runtime.CompilerServices.TaskAwaiter.ThrowForNonSuccess(Task task)
   at System.Runtime.CompilerServices.TaskAwaiter.HandleNonSuccessAndDebuggerNotification(Task task, ConfigureAwaitOptions options)
--- End of stack trace from previous location ---
   at System.Runtime.ExceptionServices.ExceptionDispatchInfo.Throw()
   at System.Runtime.CompilerServices.TaskAwaiter.ThrowForNonSuccess(Task task)
   at System.Runtime.CompilerServices.TaskAwaiter.HandleNonSuccessAndDebuggerNotification(Task task, ConfigureAwaitOptions options)
   at System.Runtime.ExceptionServices.ExceptionDispatchInfo.Throw()
   at System.Runtime.CompilerServices.TaskAwaiter.ThrowForNonSuccess(Task task)
   at System.Runtime.CompilerServices.TaskAwaiter.HandleNonSuccessAndDebuggerNotification(Task task, ConfigureAwaitOptions options)</StackTrace>
        </ErrorInfo>
      </Output>
    </UnitTestResult>
    <UnitTestResult executionId="53fbb260-6a5f-4ed5-a035-a4cb20610165" testId="67a16af1-4c17-55ee-c9f6-7f2205885c69" testName="AppInfraCdkV1.Tests.Integration.ShowNamesOnlyIntegrationTests.ShowNamesOnly_WithValidEnvironmentAndApp_ExecutesSuccessfully(environment: &quot;Production&quot;, application: &quot;TrialFinderV2&quot;)" computerName="kens" duration="00:00:00.1167508" startTime="2025-08-16T15:26:48.4844130-07:00" endTime="2025-08-16T15:26:48.4844130-07:00" testType="13cdc9d9-ddb5-4fa4-a97d-d965ccfc6d4b" outcome="Passed" testListId="8c84fa94-04c1-424b-9868-57a2d4851a1d" relativeResultsDirectory="53fbb260-6a5f-4ed5-a035-a4cb20610165" />
    <UnitTestResult executionId="0babd63e-1efd-4e8a-8e5c-3b3c3161bb49" testId="729fedc1-be3c-314c-b08c-5ee361ff7230" testName="AppInfraCdkV1.Tests.Integration.NamingValidationIntegrationTests.ValidateCognitoResourceLimits_WithValidEnvironmentAndApp_ShouldRespectAwsLimits(environment: &quot;Production&quot;, application: &quot;TrialFinderV2&quot;)" computerName="kens" duration="00:00:00.0010906" startTime="2025-08-16T15:26:47.7658050-07:00" endTime="2025-08-16T15:26:47.7658050-07:00" testType="13cdc9d9-ddb5-4fa4-a97d-d965ccfc6d4b" outcome="Passed" testListId="8c84fa94-04c1-424b-9868-57a2d4851a1d" relativeResultsDirectory="0babd63e-1efd-4e8a-8e5c-3b3c3161bb49" />
    <UnitTestResult executionId="6d4d23e4-f53e-42e2-b028-5a12dec5f84c" testId="82eae5c4-102e-933d-90e5-26ad07332b03" testName="AppInfraCdkV1.Tests.Unit.TrialFinderV2ConfigTests.GetConfigWithUnknownEnvironmentThrowsArgumentException" computerName="kens" duration="00:00:00.0004245" startTime="2025-08-16T15:26:47.7538530-07:00" endTime="2025-08-16T15:26:47.7538530-07:00" testType="13cdc9d9-ddb5-4fa4-a97d-d965ccfc6d4b" outcome="Passed" testListId="8c84fa94-04c1-424b-9868-57a2d4851a1d" relativeResultsDirectory="6d4d23e4-f53e-42e2-b028-5a12dec5f84c" />
    <UnitTestResult executionId="2d3d8b9a-315f-4944-94b4-8960ffafacac" testId="cb858960-a987-c156-bdc1-757dac9aa521" testName="AppInfraCdkV1.Tests.Unit.TrialFinderV2ConfigTests.GetConfigEnvironmentOverridesConfiguresEnhancedMonitoring(environment: &quot;Production&quot;, expectedAccountType: Production, expectedMonitoring: True)" computerName="kens" duration="00:00:00.0001256" startTime="2025-08-16T15:26:47.7538960-07:00" endTime="2025-08-16T15:26:47.7538970-07:00" testType="13cdc9d9-ddb5-4fa4-a97d-d965ccfc6d4b" outcome="Passed" testListId="8c84fa94-04c1-424b-9868-57a2d4851a1d" relativeResultsDirectory="2d3d8b9a-315f-4944-94b4-8960ffafacac" />
    <UnitTestResult executionId="cc9b9ea8-6873-43fe-93fd-03972eb67e9e" testId="98081ce8-0cf9-6dd4-5e03-6c3daac7879e" testName="AppInfraCdkV1.Tests.Unit.NamingConventionTests.GenerateResourceNameWithProductionEnvironmentReturnsCorrectFormat" computerName="kens" duration="00:00:00.0001118" startTime="2025-08-16T15:26:47.7504790-07:00" endTime="2025-08-16T15:26:47.7504790-07:00" testType="13cdc9d9-ddb5-4fa4-a97d-d965ccfc6d4b" outcome="Passed" testListId="8c84fa94-04c1-424b-9868-57a2d4851a1d" relativeResultsDirectory="cc9b9ea8-6873-43fe-93fd-03972eb67e9e" />
    <UnitTestResult executionId="43e9b6e6-80d9-416c-b256-53f219d76b4a" testId="157c392d-b8a8-417c-6d66-2d4f8cf432d3" testName="AppInfraCdkV1.Tests.Unit.TrialMatchConfigTests.GetConfigWithDevelopmentEnvironmentReturnsDevelopmentConfig(environment: &quot;Integration&quot;)" computerName="kens" duration="00:00:00.0005923" startTime="2025-08-16T15:26:47.7508690-07:00" endTime="2025-08-16T15:26:47.7508700-07:00" testType="13cdc9d9-ddb5-4fa4-a97d-d965ccfc6d4b" outcome="Passed" testListId="8c84fa94-04c1-424b-9868-57a2d4851a1d" relativeResultsDirectory="43e9b6e6-80d9-416c-b256-53f219d76b4a" />
    <UnitTestResult executionId="1fabbda4-ce5c-4c6b-809e-e373f417c715" testId="206cf464-647e-ae84-7afb-8ff6fa1cd82e" testName="AppInfraCdkV1.Tests.Unit.SecurityConfigTests.Constructor_ShouldInitializeWithDefaultValues" computerName="kens" duration="00:00:00.0008378" startTime="2025-08-16T15:26:47.7502650-07:00" endTime="2025-08-16T15:26:47.7502650-07:00" testType="13cdc9d9-ddb5-4fa4-a97d-d965ccfc6d4b" outcome="Passed" testListId="8c84fa94-04c1-424b-9868-57a2d4851a1d" relativeResultsDirectory="1fabbda4-ce5c-4c6b-809e-e373f417c715" />
    <UnitTestResult executionId="12043864-380f-4526-b56d-577d3f0cc53e" testId="ddc1d960-c078-a060-10a1-0a884ac521d5" testName="AppInfraCdkV1.Tests.Unit.ResourceNamerTests.ResourceNamer_WithDifferentEnvironments_ShouldUseCorrectPrefix(environment: &quot;Production&quot;, expectedPrefix: &quot;prod&quot;)" computerName="kens" duration="00:00:00.0000889" startTime="2025-08-16T15:26:47.7484750-07:00" endTime="2025-08-16T15:26:47.7484750-07:00" testType="13cdc9d9-ddb5-4fa4-a97d-d965ccfc6d4b" outcome="Passed" testListId="8c84fa94-04c1-424b-9868-57a2d4851a1d" relativeResultsDirectory="12043864-380f-4526-b56d-577d3f0cc53e" />
    <UnitTestResult executionId="20277dea-1d4e-4c01-bd6d-b3d623e20744" testId="39f67a30-2e97-e34f-ad20-b8c25c7184c5" testName="AppInfraCdkV1.Tests.Unit.TrialMatchConfigTests.GetConfigWithIntegrationConfiguresDevelopmentClassSettings" computerName="kens" duration="00:00:00.0001102" startTime="2025-08-16T15:26:47.7524670-07:00" endTime="2025-08-16T15:26:47.7524670-07:00" testType="13cdc9d9-ddb5-4fa4-a97d-d965ccfc6d4b" outcome="Passed" testListId="8c84fa94-04c1-424b-9868-57a2d4851a1d" relativeResultsDirectory="20277dea-1d4e-4c01-bd6d-b3d623e20744" />
    <UnitTestResult executionId="d45477cc-9efa-49f1-be50-6b413104e555" testId="a7c7e835-94a6-a223-3874-f54b7b5943e0" testName="AppInfraCdkV1.Tests.Unit.SecurityConfigTests.GetSecurityConfigForAccountType_ShouldReturnNewInstanceEachTime" computerName="kens" duration="00:00:00.0001759" startTime="2025-08-16T15:26:47.7505270-07:00" endTime="2025-08-16T15:26:47.7505270-07:00" testType="13cdc9d9-ddb5-4fa4-a97d-d965ccfc6d4b" outcome="Passed" testListId="8c84fa94-04c1-424b-9868-57a2d4851a1d" relativeResultsDirectory="d45477cc-9efa-49f1-be50-6b413104e555" />
    <UnitTestResult executionId="9f26da16-baf0-4a79-aab8-0bfde5c9a198" testId="fff27c6f-cfe0-151d-3062-6c85817bff9f" testName="AppInfraCdkV1.Tests.Integration.ShowNamesOnlyIntegrationTests.ShowNamesOnly_GeneratesCorrectNamingPrefix(environment: &quot;Development&quot;, application: &quot;TrialFinderV2&quot;, expectedPrefix: &quot;dev&quot;)" computerName="kens" duration="00:00:00.1002775" startTime="2025-08-16T15:26:50.1089890-07:00" endTime="2025-08-16T15:26:50.1089890-07:00" testType="13cdc9d9-ddb5-4fa4-a97d-d965ccfc6d4b" outcome="Passed" testListId="8c84fa94-04c1-424b-9868-57a2d4851a1d" relativeResultsDirectory="9f26da16-baf0-4a79-aab8-0bfde5c9a198" />
    <UnitTestResult executionId="592bb38f-1300-4cc3-bd35-b786af129078" testId="bcea77de-3b02-dbbd-23f4-a46a7816ee69" testName="AppInfraCdkV1.Tests.Unit.TrialMatchConfigurationLoaderTests.ValidateConfiguration_WithMissingTaskDefinitionName_ShouldThrow" computerName="kens" duration="00:00:00.0001184" startTime="2025-08-16T15:26:47.7962290-07:00" endTime="2025-08-16T15:26:47.7962290-07:00" testType="13cdc9d9-ddb5-4fa4-a97d-d965ccfc6d4b" outcome="Passed" testListId="8c84fa94-04c1-424b-9868-57a2d4851a1d" relativeResultsDirectory="592bb38f-1300-4cc3-bd35-b786af129078" />
    <UnitTestResult executionId="06d615a9-1744-4c40-8cc6-b76af7ae4467" testId="af918255-b647-c312-ae13-b0545178490a" testName="AppInfraCdkV1.Tests.Unit.ResourceNamerTests.SecurityGroupForEcs_WithPurpose_ShouldGenerateCorrectName" computerName="kens" duration="00:00:00.0000960" startTime="2025-08-16T15:26:47.7469520-07:00" endTime="2025-08-16T15:26:47.7469520-07:00" testType="13cdc9d9-ddb5-4fa4-a97d-d965ccfc6d4b" outcome="Passed" testListId="8c84fa94-04c1-424b-9868-57a2d4851a1d" relativeResultsDirectory="06d615a9-1744-4c40-8cc6-b76af7ae4467" />
    <UnitTestResult executionId="e8f0864c-f86d-418e-9aa7-3d9526763db0" testId="3c9e2f51-8069-cc3f-5a2c-7d91d489efb8" testName="AppInfraCdkV1.Tests.Unit.ConfigurationModelsTests.ContainerDefinitionConfig_WithSecrets_ShouldIncludeSecrets" computerName="kens" duration="00:00:00.0001290" startTime="2025-08-16T15:26:47.7521220-07:00" endTime="2025-08-16T15:26:47.7521220-07:00" testType="13cdc9d9-ddb5-4fa4-a97d-d965ccfc6d4b" outcome="Passed" testListId="8c84fa94-04c1-424b-9868-57a2d4851a1d" relativeResultsDirectory="e8f0864c-f86d-418e-9aa7-3d9526763db0" />
    <UnitTestResult executionId="536f4376-0af4-40ee-9b81-846abeffe089" testId="c01c12ab-f245-fe40-18fc-bd11c298ebfa" testName="AppInfraCdkV1.Tests.Unit.TrialMatchConfigurationLoaderTests.ValidateConfiguration_WithDuplicateServiceNames_ShouldThrow" computerName="kens" duration="00:00:00.0001666" startTime="2025-08-16T15:26:47.7942750-07:00" endTime="2025-08-16T15:26:47.7942750-07:00" testType="13cdc9d9-ddb5-4fa4-a97d-d965ccfc6d4b" outcome="Passed" testListId="8c84fa94-04c1-424b-9868-57a2d4851a1d" relativeResultsDirectory="536f4376-0af4-40ee-9b81-846abeffe089" />
    <UnitTestResult executionId="740e25f5-6bdb-422f-9843-3add51021e3a" testId="ade8c863-5c9b-3041-d40f-4841d1235e01" testName="AppInfraCdkV1.Tests.Integration.NamingValidationIntegrationTests.GenerateIamRoleNames_WithValidEnvironmentAndApp_ShouldFollowConventions(environment: &quot;Production&quot;, application: &quot;TrialFinderV2&quot;)" computerName="kens" duration="00:00:00.0001677" startTime="2025-08-16T15:26:47.7655320-07:00" endTime="2025-08-16T15:26:47.7655320-07:00" testType="13cdc9d9-ddb5-4fa4-a97d-d965ccfc6d4b" outcome="Passed" testListId="8c84fa94-04c1-424b-9868-57a2d4851a1d" relativeResultsDirectory="740e25f5-6bdb-422f-9843-3add51021e3a" />
    <UnitTestResult executionId="9c41d677-443f-42a1-bf29-32564050cb08" testId="b4231fc7-6b5b-6da6-69c9-a8099c7f80a8" testName="AppInfraCdkV1.Tests.Integration.ShowNamesOnlyIntegrationTests.ShowNamesOnly_WithValidEnvironmentAndApp_ContainsAccountContext(environment: &quot;Production&quot;, application: &quot;TrialFinderV2&quot;)" computerName="kens" duration="00:00:00.1036300" startTime="2025-08-16T15:26:49.1011730-07:00" endTime="2025-08-16T15:26:49.1011730-07:00" testType="13cdc9d9-ddb5-4fa4-a97d-d965ccfc6d4b" outcome="Failed" testListId="8c84fa94-04c1-424b-9868-57a2d4851a1d" relativeResultsDirectory="9c41d677-443f-42a1-bf29-32564050cb08">
      <Output>
        <ErrorInfo>
          <Message>Shouldly.ShouldAssertException : result.StandardOutput&#xD;
    should contain (case insensitive comparison)&#xD;
"Environment: Production"&#xD;
    but was actually&#xD;
"\ud83d\ude80 Starting CDK deployment for TrialFinderV2 in Development
\ud83d\udd0d Validating naming conventions...
✅ Na..."</Message>
          <StackTrace>   at AppInfraCdkV1.Tests.Integration.ShowNamesOnlyIntegrationTests.ShowNamesOnly_WithValidEnvironmentAndApp_ContainsAccountContext(String environment, String application) in /Users/ken/code/AppInfraCdkV1/AppInfraCdkV1.Tests/Integration/ShowNamesOnlyIntegrationTests.cs:line 141
   at System.Runtime.ExceptionServices.ExceptionDispatchInfo.Throw()
   at System.Runtime.CompilerServices.TaskAwaiter.ThrowForNonSuccess(Task task)
   at System.Runtime.CompilerServices.TaskAwaiter.HandleNonSuccessAndDebuggerNotification(Task task, ConfigureAwaitOptions options)
--- End of stack trace from previous location ---
   at System.Runtime.ExceptionServices.ExceptionDispatchInfo.Throw()
   at System.Runtime.CompilerServices.TaskAwaiter.ThrowForNonSuccess(Task task)
   at System.Runtime.CompilerServices.TaskAwaiter.HandleNonSuccessAndDebuggerNotification(Task task, ConfigureAwaitOptions options)
   at System.Runtime.ExceptionServices.ExceptionDispatchInfo.Throw()
   at System.Runtime.CompilerServices.TaskAwaiter.ThrowForNonSuccess(Task task)
   at System.Runtime.CompilerServices.TaskAwaiter.HandleNonSuccessAndDebuggerNotification(Task task, ConfigureAwaitOptions options)</StackTrace>
        </ErrorInfo>
      </Output>
    </UnitTestResult>
    <UnitTestResult executionId="1ec4b5cb-8a2c-454c-bb36-0a553b602e44" testId="538daea4-b62e-c511-9611-cda03ff71c04" testName="AppInfraCdkV1.Tests.Unit.NamingConventionTests.GetEnvironmentPrefixWithValidEnvironmentReturnsCorrectPrefix(environment: &quot;Production&quot;, expectedPrefix: &quot;prod&quot;)" computerName="kens" duration="00:00:00.0000049" startTime="2025-08-16T15:26:47.7507090-07:00" endTime="2025-08-16T15:26:47.7507090-07:00" testType="13cdc9d9-ddb5-4fa4-a97d-d965ccfc6d4b" outcome="Passed" testListId="8c84fa94-04c1-424b-9868-57a2d4851a1d" relativeResultsDirectory="1ec4b5cb-8a2c-454c-bb36-0a553b602e44" />
    <UnitTestResult executionId="ecd4b086-9b49-4576-b9f4-f4a3eebe2796" testId="279c57c8-bf8c-6114-4546-dcdc79a30c7a" testName="AppInfraCdkV1.Tests.Unit.TrialMatchConfigurationLoaderTests.ValidateConfiguration_WithInvalidContainerName_ShouldThrow" computerName="kens" duration="00:00:00.0011581" startTime="2025-08-16T15:26:47.7934670-07:00" endTime="2025-08-16T15:26:47.7934680-07:00" testType="13cdc9d9-ddb5-4fa4-a97d-d965ccfc6d4b" outcome="Passed" testListId="8c84fa94-04c1-424b-9868-57a2d4851a1d" relativeResultsDirectory="ecd4b086-9b49-4576-b9f4-f4a3eebe2796" />
    <UnitTestResult executionId="9335b832-8c90-447d-83bc-011d91ec9b55" testId="cc7f8e41-72c7-db1a-28bc-ca4543b1768c" testName="AppInfraCdkV1.Tests.Unit.TrialMatchConfigurationLoaderTests.ValidateConfiguration_WithValidConfig_ShouldNotThrow" computerName="kens" duration="00:00:00.0001212" startTime="2025-08-16T15:26:47.7961810-07:00" endTime="2025-08-16T15:26:47.7961810-07:00" testType="13cdc9d9-ddb5-4fa4-a97d-d965ccfc6d4b" outcome="Passed" testListId="8c84fa94-04c1-424b-9868-57a2d4851a1d" relativeResultsDirectory="9335b832-8c90-447d-83bc-011d91ec9b55" />
    <UnitTestResult executionId="f271b93a-9355-460d-96cd-13e142e05e67" testId="48ee271c-d0f3-79bf-5620-2be0c1d98479" testName="AppInfraCdkV1.Tests.Integration.NamingValidationIntegrationTests.ValidateMultiEnvironmentSetup_WithValidEnvironment_ShouldDetectCorrectContext(environment: &quot;Production&quot;, application: &quot;TrialFinderV2&quot;)" computerName="kens" duration="00:00:00.0002332" startTime="2025-08-16T15:26:47.7685870-07:00" endTime="2025-08-16T15:26:47.7685870-07:00" testType="13cdc9d9-ddb5-4fa4-a97d-d965ccfc6d4b" outcome="Passed" testListId="8c84fa94-04c1-424b-9868-57a2d4851a1d" relativeResultsDirectory="f271b93a-9355-460d-96cd-13e142e05e67" />
    <UnitTestResult executionId="5a2c20a4-a0e4-4065-a898-b90be54b9162" testId="9fc8ee1a-90b3-2b06-f318-6ddb345e1a50" testName="AppInfraCdkV1.Tests.Integration.NamingValidationIntegrationTests.ValidateMultiEnvironmentSetup_WithValidEnvironment_ShouldDetectCorrectContext(environment: &quot;Development&quot;, application: &quot;TrialMatch&quot;)" computerName="kens" duration="00:00:00.0010213" startTime="2025-08-16T15:26:47.7683890-07:00" endTime="2025-08-16T15:26:47.7683890-07:00" testType="13cdc9d9-ddb5-4fa4-a97d-d965ccfc6d4b" outcome="Passed" testListId="8c84fa94-04c1-424b-9868-57a2d4851a1d" relativeResultsDirectory="5a2c20a4-a0e4-4065-a898-b90be54b9162" />
    <UnitTestResult executionId="ccf4bfb2-027b-454e-90c1-3e45e49a8007" testId="82824d7e-3c1b-fa52-a6eb-4ba428eefd04" testName="AppInfraCdkV1.Tests.Unit.ConfigurationModelsTests.EnvironmentVariable_WithValidData_ShouldCreateInstance" computerName="kens" duration="00:00:00.0000935" startTime="2025-08-16T15:26:49.1540750-07:00" endTime="2025-08-16T15:26:49.1540750-07:00" testType="13cdc9d9-ddb5-4fa4-a97d-d965ccfc6d4b" outcome="Passed" testListId="8c84fa94-04c1-424b-9868-57a2d4851a1d" relativeResultsDirectory="ccf4bfb2-027b-454e-90c1-3e45e49a8007" />
    <UnitTestResult executionId="0811ed16-f912-474b-a20c-8b82519eac44" testId="1862e1ab-3383-9182-1f1a-95d4733d9461" testName="AppInfraCdkV1.Tests.Unit.ResourceNamerTests.SecretsManager_WithPurpose_ShouldGenerateCorrectName" computerName="kens" duration="00:00:00.0000545" startTime="2025-08-16T15:26:47.7515660-07:00" endTime="2025-08-16T15:26:47.7515660-07:00" testType="13cdc9d9-ddb5-4fa4-a97d-d965ccfc6d4b" outcome="Passed" testListId="8c84fa94-04c1-424b-9868-57a2d4851a1d" relativeResultsDirectory="0811ed16-f912-474b-a20c-8b82519eac44" />
    <UnitTestResult executionId="e91a1609-d33a-42a5-b72b-4d0eee73cb44" testId="b2d12299-a39f-a3bc-8547-e2f0bfa50130" testName="AppInfraCdkV1.Tests.Unit.ResourceNamerTests.Vpc_WithDefaultPurpose_ShouldGenerateCorrectName" computerName="kens" duration="00:00:00.0000907" startTime="2025-08-16T15:26:47.7500050-07:00" endTime="2025-08-16T15:26:47.7500050-07:00" testType="13cdc9d9-ddb5-4fa4-a97d-d965ccfc6d4b" outcome="Passed" testListId="8c84fa94-04c1-424b-9868-57a2d4851a1d" relativeResultsDirectory="e91a1609-d33a-42a5-b72b-4d0eee73cb44" />
    <UnitTestResult executionId="eb87bb08-43ee-43c2-9213-699024b36e62" testId="dc74c56f-b7c8-34a1-f17f-007870d9857c" testName="AppInfraCdkV1.Tests.Unit.TrialMatchConfigurationLoaderTests.ValidateConfiguration_WithInvalidPortMapping_ShouldThrow" computerName="kens" duration="00:00:00.0003860" startTime="2025-08-16T15:26:47.7922690-07:00" endTime="2025-08-16T15:26:47.7922690-07:00" testType="13cdc9d9-ddb5-4fa4-a97d-d965ccfc6d4b" outcome="Passed" testListId="8c84fa94-04c1-424b-9868-57a2d4851a1d" relativeResultsDirectory="eb87bb08-43ee-43c2-9213-699024b36e62" />
    <UnitTestResult executionId="bff76ea2-58c3-4f80-af3f-34c6a84198e9" testId="60318b48-cc58-b1f1-7c6f-d0733743a554" testName="AppInfraCdkV1.Tests.Unit.TrialMatchConfigurationLoaderTests.ValidateConfiguration_WithInvalidProtocol_ShouldThrow" computerName="kens" duration="00:00:00.0012622" startTime="2025-08-16T15:26:47.7953460-07:00" endTime="2025-08-16T15:26:47.7953460-07:00" testType="13cdc9d9-ddb5-4fa4-a97d-d965ccfc6d4b" outcome="Passed" testListId="8c84fa94-04c1-424b-9868-57a2d4851a1d" relativeResultsDirectory="bff76ea2-58c3-4f80-af3f-34c6a84198e9" />
    <UnitTestResult executionId="be006ba9-2a2e-4bea-9eed-b32b44decc72" testId="fba13e19-771d-552a-8eeb-394726a3ddb1" testName="AppInfraCdkV1.Tests.Integration.ShowNamesOnlyIntegrationTests.ShowNamesOnly_ForTrialFinderV2_ContainsTrialFinderSpecificResources(environment: &quot;Development&quot;, application: &quot;TrialFinderV2&quot;)" computerName="kens" duration="00:00:00.0903726" startTime="2025-08-16T15:26:49.2880920-07:00" endTime="2025-08-16T15:26:49.2880930-07:00" testType="13cdc9d9-ddb5-4fa4-a97d-d965ccfc6d4b" outcome="Passed" testListId="8c84fa94-04c1-424b-9868-57a2d4851a1d" relativeResultsDirectory="be006ba9-2a2e-4bea-9eed-b32b44decc72" />
    <UnitTestResult executionId="a5f24450-a64c-4649-ab9a-0ec82ad203f5" testId="e3b9be4e-fe0d-b388-9042-c64f16a61d73" testName="AppInfraCdkV1.Tests.Unit.ConfigurationLoaderTests.GetConfig_WithProductionEnvironment_ShouldSupportCognitoDeployment" computerName="kens" duration="00:00:00.0008473" startTime="2025-08-16T15:26:47.7944770-07:00" endTime="2025-08-16T15:26:47.7944770-07:00" testType="13cdc9d9-ddb5-4fa4-a97d-d965ccfc6d4b" outcome="Passed" testListId="8c84fa94-04c1-424b-9868-57a2d4851a1d" relativeResultsDirectory="a5f24450-a64c-4649-ab9a-0ec82ad203f5" />
    <UnitTestResult executionId="7e322518-80bc-42f9-8a05-ae79dea2178d" testId="1ce7fe40-9607-a56a-c81f-2343ee4ccac8" testName="AppInfraCdkV1.Tests.Unit.TrialFinderEcrRepositoryTests.ConfigurationLoader_ShouldLoadRepositoryConfiguration" computerName="kens" duration="00:00:00.0650338" startTime="2025-08-16T15:26:47.7938240-07:00" endTime="2025-08-16T15:26:47.7938240-07:00" testType="13cdc9d9-ddb5-4fa4-a97d-d965ccfc6d4b" outcome="Passed" testListId="8c84fa94-04c1-424b-9868-57a2d4851a1d" relativeResultsDirectory="7e322518-80bc-42f9-8a05-ae79dea2178d" />
    <UnitTestResult executionId="9d013e46-8f8a-4a47-9361-2439f590fb06" testId="2a08cda5-e096-b62f-3665-b41b1f2c900c" testName="AppInfraCdkV1.Tests.Unit.DeploymentContextTests.GetCommonTagsWithNullEnvironmentTagsThrowsException" computerName="kens" duration="00:00:00.0002306" startTime="2025-08-16T15:26:47.7644970-07:00" endTime="2025-08-16T15:26:47.7644970-07:00" testType="13cdc9d9-ddb5-4fa4-a97d-d965ccfc6d4b" outcome="Passed" testListId="8c84fa94-04c1-424b-9868-57a2d4851a1d" relativeResultsDirectory="9d013e46-8f8a-4a47-9361-2439f590fb06" />
    <UnitTestResult executionId="f671f86e-6f87-4da3-8a63-48ce87ecd02a" testId="04add20c-d0df-6095-e8d4-f2dd8233b009" testName="AppInfraCdkV1.Tests.Unit.SecurityConfigTests.GetSecurityConfigForAccountType_ProductionVsDevelopment_ShouldHaveDifferentSettings" computerName="kens" duration="00:00:00.0006290" startTime="2025-08-16T15:26:47.7504970-07:00" endTime="2025-08-16T15:26:47.7504970-07:00" testType="13cdc9d9-ddb5-4fa4-a97d-d965ccfc6d4b" outcome="Passed" testListId="8c84fa94-04c1-424b-9868-57a2d4851a1d" relativeResultsDirectory="f671f86e-6f87-4da3-8a63-48ce87ecd02a" />
    <UnitTestResult executionId="9b84ca1d-a71a-4ac7-9760-699d63aab3e4" testId="94750618-4780-2779-0c78-39f8bf09cc05" testName="AppInfraCdkV1.Tests.Unit.ResourceNamerTests.EcsTaskDefinition_WithPurpose_ShouldGenerateCorrectName" computerName="kens" duration="00:00:00.0000480" startTime="2025-08-16T15:26:47.7497050-07:00" endTime="2025-08-16T15:26:47.7497050-07:00" testType="13cdc9d9-ddb5-4fa4-a97d-d965ccfc6d4b" outcome="Passed" testListId="8c84fa94-04c1-424b-9868-57a2d4851a1d" relativeResultsDirectory="9b84ca1d-a71a-4ac7-9760-699d63aab3e4" />
    <UnitTestResult executionId="940614a7-2683-45df-85f0-3515aa3a6ce2" testId="c523c322-bd3b-3c6a-8a51-2e60524390d4" testName="AppInfraCdkV1.Tests.Unit.TrialMatchConfigurationLoaderTests.ValidateConfiguration_WithMissingServiceName_ShouldThrow" computerName="kens" duration="00:00:00.0001276" startTime="2025-08-16T15:26:47.7956760-07:00" endTime="2025-08-16T15:26:47.7956760-07:00" testType="13cdc9d9-ddb5-4fa4-a97d-d965ccfc6d4b" outcome="Passed" testListId="8c84fa94-04c1-424b-9868-57a2d4851a1d" relativeResultsDirectory="940614a7-2683-45df-85f0-3515aa3a6ce2" />
    <UnitTestResult executionId="cb6960ad-904a-4ceb-9eba-07ec4f5f28ea" testId="a08d4a5e-25b8-725c-18ab-5ba364015c78" testName="AppInfraCdkV1.Tests.Unit.ResourceNamerTests.ElastiCache_WithPurpose_ShouldGenerateCorrectName(purpose: Session, expectedString: &quot;session&quot;)" computerName="kens" duration="00:00:00.0001084" startTime="2025-08-16T15:26:47.7499710-07:00" endTime="2025-08-16T15:26:47.7499710-07:00" testType="13cdc9d9-ddb5-4fa4-a97d-d965ccfc6d4b" outcome="Passed" testListId="8c84fa94-04c1-424b-9868-57a2d4851a1d" relativeResultsDirectory="cb6960ad-904a-4ceb-9eba-07ec4f5f28ea" />
    <UnitTestResult executionId="59f761c0-3c96-4e9c-9ea7-a60f3c5c4773" testId="9c073da1-f895-ee31-7b35-b3c4dc86283e" testName="AppInfraCdkV1.Tests.Integration.ShowNamesOnlyIntegrationTests.ShowNamesOnly_WithValidEnvironmentAndApp_PassesValidation(environment: &quot;Development&quot;, application: &quot;TrialMatch&quot;)" computerName="kens" duration="00:00:00.1738042" startTime="2025-08-16T15:26:47.9001460-07:00" endTime="2025-08-16T15:26:47.9001460-07:00" testType="13cdc9d9-ddb5-4fa4-a97d-d965ccfc6d4b" outcome="Failed" testListId="8c84fa94-04c1-424b-9868-57a2d4851a1d" relativeResultsDirectory="59f761c0-3c96-4e9c-9ea7-a60f3c5c4773">
      <Output>
        <ErrorInfo>
          <Message>Shouldly.ShouldAssertException : result.StandardOutput&#xD;
    should contain (case insensitive comparison)&#xD;
"Account-level uniqueness validated"&#xD;
    but was actually&#xD;
"\ud83d\ude80 Starting CDK deployment for TrialFinderV2 in Development
\ud83d\udd0d Validating naming conventions...
✅ Na..."</Message>
          <StackTrace>   at AppInfraCdkV1.Tests.Integration.ShowNamesOnlyIntegrationTests.ShowNamesOnly_WithValidEnvironmentAndApp_PassesValidation(String environment, String application) in /Users/ken/code/AppInfraCdkV1/AppInfraCdkV1.Tests/Integration/ShowNamesOnlyIntegrationTests.cs:line 169
   at System.Runtime.ExceptionServices.ExceptionDispatchInfo.Throw()
   at System.Runtime.CompilerServices.TaskAwaiter.ThrowForNonSuccess(Task task)
   at System.Runtime.CompilerServices.TaskAwaiter.HandleNonSuccessAndDebuggerNotification(Task task, ConfigureAwaitOptions options)
--- End of stack trace from previous location ---
   at System.Runtime.ExceptionServices.ExceptionDispatchInfo.Throw()
   at System.Runtime.CompilerServices.TaskAwaiter.ThrowForNonSuccess(Task task)
   at System.Runtime.CompilerServices.TaskAwaiter.HandleNonSuccessAndDebuggerNotification(Task task, ConfigureAwaitOptions options)
   at System.Runtime.ExceptionServices.ExceptionDispatchInfo.Throw()
   at System.Runtime.CompilerServices.TaskAwaiter.ThrowForNonSuccess(Task task)
   at System.Runtime.CompilerServices.TaskAwaiter.HandleNonSuccessAndDebuggerNotification(Task task, ConfigureAwaitOptions options)</StackTrace>
        </ErrorInfo>
      </Output>
    </UnitTestResult>
    <UnitTestResult executionId="33e025c1-8aa3-4461-8cda-dd7050658423" testId="87095920-2130-f1f2-efd9-ac22f2305353" testName="AppInfraCdkV1.Tests.Integration.NamingValidationIntegrationTests.ValidateCognitoUrlGeneration_WithValidEnvironmentAndApp_ShouldGenerateCorrectUrls(environment: &quot;Development&quot;, application: &quot;TrialFinderV2&quot;)" computerName="kens" duration="00:00:00.0009550" startTime="2025-08-16T15:26:47.7670310-07:00" endTime="2025-08-16T15:26:47.7670310-07:00" testType="13cdc9d9-ddb5-4fa4-a97d-d965ccfc6d4b" outcome="Passed" testListId="8c84fa94-04c1-424b-9868-57a2d4851a1d" relativeResultsDirectory="33e025c1-8aa3-4461-8cda-dd7050658423" />
    <UnitTestResult executionId="72c9f44c-4dee-4e97-9a71-0af9a6fa2892" testId="a4c203ff-0bd2-270d-e5b7-d3b8c0c8583a" testName="AppInfraCdkV1.Tests.Unit.ConfigurationLoaderTests.ValidateConfiguration_WithValidConfig_ShouldNotThrow" computerName="kens" duration="00:00:00.0004151" startTime="2025-08-16T15:26:47.7949810-07:00" endTime="2025-08-16T15:26:47.7949820-07:00" testType="13cdc9d9-ddb5-4fa4-a97d-d965ccfc6d4b" outcome="Passed" testListId="8c84fa94-04c1-424b-9868-57a2d4851a1d" relativeResultsDirectory="72c9f44c-4dee-4e97-9a71-0af9a6fa2892" />
    <UnitTestResult executionId="0512e7a7-fba1-4a59-9f7f-2782b8e5970b" testId="1880baaf-3855-c23d-a241-252b918c799a" testName="AppInfraCdkV1.Tests.Integration.ShowNamesOnlyIntegrationTests.ShowNamesOnly_CompletesWithinReasonableTime" computerName="kens" duration="00:00:00.1505409" startTime="2025-08-16T15:26:48.3672370-07:00" endTime="2025-08-16T15:26:48.3672380-07:00" testType="13cdc9d9-ddb5-4fa4-a97d-d965ccfc6d4b" outcome="Passed" testListId="8c84fa94-04c1-424b-9868-57a2d4851a1d" relativeResultsDirectory="0512e7a7-fba1-4a59-9f7f-2782b8e5970b" />
    <UnitTestResult executionId="10ab5f18-a089-40ce-ab39-cf4499e051e4" testId="1f9f3049-7a16-b892-3004-47fb577a36b3" testName="AppInfraCdkV1.Tests.Unit.DeploymentContextTests.DeploymentIdPropertySetterAssignsValue" computerName="kens" duration="00:00:00.0000260" startTime="2025-08-16T15:26:47.7645950-07:00" endTime="2025-08-16T15:26:47.7645950-07:00" testType="13cdc9d9-ddb5-4fa4-a97d-d965ccfc6d4b" outcome="Passed" testListId="8c84fa94-04c1-424b-9868-57a2d4851a1d" relativeResultsDirectory="10ab5f18-a089-40ce-ab39-cf4499e051e4" />
    <UnitTestResult executionId="5fa391f8-0dae-428e-af21-70602f0301f5" testId="91821697-5231-6763-a77d-f1779a0c6fee" testName="AppInfraCdkV1.Tests.Unit.DeploymentContextTests.ApplicationPropertySetterAssignsValue" computerName="kens" duration="00:00:00.0000616" startTime="2025-08-16T15:26:47.7551930-07:00" endTime="2025-08-16T15:26:47.7551930-07:00" testType="13cdc9d9-ddb5-4fa4-a97d-d965ccfc6d4b" outcome="Passed" testListId="8c84fa94-04c1-424b-9868-57a2d4851a1d" relativeResultsDirectory="5fa391f8-0dae-428e-af21-70602f0301f5" />
    <UnitTestResult executionId="8d34d2de-c0fd-404f-a98a-57a60f1a9c1e" testId="6d62222d-7c8e-46f3-fe88-a19d2f4c2e88" testName="AppInfraCdkV1.Tests.Unit.ConfigurationModelsTests.PortMapping_WithValidData_ShouldCreateInstance" computerName="kens" duration="00:00:00.0002528" startTime="2025-08-16T15:26:49.1576940-07:00" endTime="2025-08-16T15:26:49.1576940-07:00" testType="13cdc9d9-ddb5-4fa4-a97d-d965ccfc6d4b" outcome="Passed" testListId="8c84fa94-04c1-424b-9868-57a2d4851a1d" relativeResultsDirectory="8d34d2de-c0fd-404f-a98a-57a60f1a9c1e" />
    <UnitTestResult executionId="2a773260-2745-48ae-be91-525f0d008664" testId="cb16c258-e211-2373-097f-665a4b21e361" testName="AppInfraCdkV1.Tests.Unit.ConfigurationLoaderTests.ValidateConfiguration_WithNullSecrets_ShouldNotThrow" computerName="kens" duration="00:00:00.0006383" startTime="2025-08-16T15:26:47.7611780-07:00" endTime="2025-08-16T15:26:47.7611780-07:00" testType="13cdc9d9-ddb5-4fa4-a97d-d965ccfc6d4b" outcome="Passed" testListId="8c84fa94-04c1-424b-9868-57a2d4851a1d" relativeResultsDirectory="2a773260-2745-48ae-be91-525f0d008664" />
    <UnitTestResult executionId="bb972ad4-7d27-4692-8329-eef8983ce893" testId="1b3068bf-5b90-318f-bba7-617033879179" testName="AppInfraCdkV1.Tests.Unit.ResourceNamerTests.Lambda_WithPurpose_ShouldGenerateCorrectName" computerName="kens" duration="00:00:00.0502745" startTime="2025-08-16T15:26:47.7445880-07:00" endTime="2025-08-16T15:26:47.7445880-07:00" testType="13cdc9d9-ddb5-4fa4-a97d-d965ccfc6d4b" outcome="Passed" testListId="8c84fa94-04c1-424b-9868-57a2d4851a1d" relativeResultsDirectory="bb972ad4-7d27-4692-8329-eef8983ce893" />
    <UnitTestResult executionId="fcf024a4-e647-4172-bc79-a76c1fe0262f" testId="c096dda4-5a94-c8d5-2c7f-7d372fadf9cb" testName="AppInfraCdkV1.Tests.Integration.NamingValidationIntegrationTests.ValidateCognitoUrlGeneration_WithValidEnvironmentAndApp_ShouldGenerateCorrectUrls(environment: &quot;Production&quot;, application: &quot;TrialFinderV2&quot;)" computerName="kens" duration="00:00:00.0009177" startTime="2025-08-16T15:26:47.7670630-07:00" endTime="2025-08-16T15:26:47.7670630-07:00" testType="13cdc9d9-ddb5-4fa4-a97d-d965ccfc6d4b" outcome="Passed" testListId="8c84fa94-04c1-424b-9868-57a2d4851a1d" relativeResultsDirectory="fcf024a4-e647-4172-bc79-a76c1fe0262f" />
    <UnitTestResult executionId="4c6332d3-e9da-47d3-9924-1915ce70b902" testId="d00c998d-2318-8621-6d29-c84fe308ef69" testName="AppInfraCdkV1.Tests.Unit.SecurityConfigTests.EnableWaf_ShouldAllowSetAndGet(enableWaf: True)" computerName="kens" duration="00:00:00.0001246" startTime="2025-08-16T15:26:47.7500680-07:00" endTime="2025-08-16T15:26:47.7500680-07:00" testType="13cdc9d9-ddb5-4fa4-a97d-d965ccfc6d4b" outcome="Passed" testListId="8c84fa94-04c1-424b-9868-57a2d4851a1d" relativeResultsDirectory="4c6332d3-e9da-47d3-9924-1915ce70b902" />
    <UnitTestResult executionId="c99a0569-439d-446b-8949-e7750012e666" testId="05c11a85-2c43-bd2a-d029-8f6f6c672e70" testName="AppInfraCdkV1.Tests.Unit.NamingConventionTests.GetEnvironmentPrefixWithValidEnumReturnsCorrectPrefix(environment: Development, expectedPrefix: &quot;dev&quot;)" computerName="kens" duration="00:00:00.0000885" startTime="2025-08-16T15:26:47.7616320-07:00" endTime="2025-08-16T15:26:47.7616320-07:00" testType="13cdc9d9-ddb5-4fa4-a97d-d965ccfc6d4b" outcome="Passed" testListId="8c84fa94-04c1-424b-9868-57a2d4851a1d" relativeResultsDirectory="c99a0569-439d-446b-8949-e7750012e666" />
    <UnitTestResult executionId="e506ff1d-c282-4a7f-990a-fc4521ca08b4" testId="3892c15b-a23b-04bd-ac5c-2743b5ee6604" testName="AppInfraCdkV1.Tests.Unit.TrialMatchConfigTests.GetConfigWithUnknownEnvironmentThrowsArgumentException" computerName="kens" duration="00:00:00.0001876" startTime="2025-08-16T15:26:47.7514820-07:00" endTime="2025-08-16T15:26:47.7514820-07:00" testType="13cdc9d9-ddb5-4fa4-a97d-d965ccfc6d4b" outcome="Passed" testListId="8c84fa94-04c1-424b-9868-57a2d4851a1d" relativeResultsDirectory="e506ff1d-c282-4a7f-990a-fc4521ca08b4" />
    <UnitTestResult executionId="a113d3f2-a991-4c79-9cd4-bb151f463cad" testId="ecca130a-155a-60f8-2ca3-188d6d632f3a" testName="AppInfraCdkV1.Tests.Unit.NamingConventionTests.GenerateVpcNameWithCustomPurposeReturnsCorrectFormat" computerName="kens" duration="00:00:00.0000246" startTime="2025-08-16T15:26:47.7623920-07:00" endTime="2025-08-16T15:26:47.7623920-07:00" testType="13cdc9d9-ddb5-4fa4-a97d-d965ccfc6d4b" outcome="Passed" testListId="8c84fa94-04c1-424b-9868-57a2d4851a1d" relativeResultsDirectory="a113d3f2-a991-4c79-9cd4-bb151f463cad" />
    <UnitTestResult executionId="833426d6-7f0d-49ee-94cf-2fda24922af0" testId="1bf363a5-6313-81c8-8b99-39abe181caeb" testName="AppInfraCdkV1.Tests.Unit.ResourceNamerTests.Custom_WithResourceTypeAndPurpose_ShouldGenerateCorrectName" computerName="kens" duration="00:00:00.0001382" startTime="2025-08-16T15:26:47.7500420-07:00" endTime="2025-08-16T15:26:47.7500420-07:00" testType="13cdc9d9-ddb5-4fa4-a97d-d965ccfc6d4b" outcome="Passed" testListId="8c84fa94-04c1-424b-9868-57a2d4851a1d" relativeResultsDirectory="833426d6-7f0d-49ee-94cf-2fda24922af0" />
    <UnitTestResult executionId="7eba49d4-d8da-4bfb-ab74-3029d558172f" testId="a82f74f5-4cd4-e6e9-0719-f0e0561b708b" testName="AppInfraCdkV1.Tests.Unit.ResourceNamerTests.ResourceNamer_WithDifferentEnvironments_ShouldUseCorrectPrefix(environment: &quot;Staging&quot;, expectedPrefix: &quot;stg&quot;)" computerName="kens" duration="00:00:00.0000038" startTime="2025-08-16T15:26:47.7485070-07:00" endTime="2025-08-16T15:26:47.7485070-07:00" testType="13cdc9d9-ddb5-4fa4-a97d-d965ccfc6d4b" outcome="Passed" testListId="8c84fa94-04c1-424b-9868-57a2d4851a1d" relativeResultsDirectory="7eba49d4-d8da-4bfb-ab74-3029d558172f" />
    <UnitTestResult executionId="31e0094a-e612-48b3-bbb3-d1e37096661c" testId="454340d9-e3c3-e56d-473d-e059b1d3a9ef" testName="AppInfraCdkV1.Tests.Integration.ShowNamesOnlyIntegrationTests.ShowNamesOnly_WithValidEnvironmentAndApp_ContainsAccountContext(environment: &quot;Development&quot;, application: &quot;TrialFinderV2&quot;)" computerName="kens" duration="00:00:00.0973002" startTime="2025-08-16T15:26:49.1973740-07:00" endTime="2025-08-16T15:26:49.1973740-07:00" testType="13cdc9d9-ddb5-4fa4-a97d-d965ccfc6d4b" outcome="Passed" testListId="8c84fa94-04c1-424b-9868-57a2d4851a1d" relativeResultsDirectory="31e0094a-e612-48b3-bbb3-d1e37096661c" />
    <UnitTestResult executionId="d26fc094-3421-47f5-af79-01e336dc5cf7" testId="e45aec2b-3c4d-a9d7-00ac-fa1e3db4a33c" testName="AppInfraCdkV1.Tests.Unit.ConfigurationLoaderTests.ValidateConfiguration_WithEmptyTaskDefinitionList_ShouldThrow" computerName="kens" duration="00:00:00.0014923" startTime="2025-08-16T15:26:47.7553050-07:00" endTime="2025-08-16T15:26:47.7553050-07:00" testType="13cdc9d9-ddb5-4fa4-a97d-d965ccfc6d4b" outcome="Passed" testListId="8c84fa94-04c1-424b-9868-57a2d4851a1d" relativeResultsDirectory="d26fc094-3421-47f5-af79-01e336dc5cf7" />
    <UnitTestResult executionId="4ae4f765-e343-4238-90c9-558b5cdff4b6" testId="df2c6e81-727c-bfbd-9d6f-bad82a8ef8ee" testName="AppInfraCdkV1.Tests.Unit.DeploymentContextTests.DeployedAtPropertySetterAssignsValue" computerName="kens" duration="00:00:00.0016775" startTime="2025-08-16T15:26:47.7533370-07:00" endTime="2025-08-16T15:26:47.7533370-07:00" testType="13cdc9d9-ddb5-4fa4-a97d-d965ccfc6d4b" outcome="Passed" testListId="8c84fa94-04c1-424b-9868-57a2d4851a1d" relativeResultsDirectory="4ae4f765-e343-4238-90c9-558b5cdff4b6" />
    <UnitTestResult executionId="56fbd242-66ae-4cf1-b458-1cc7d7141ba8" testId="dd8ae47e-6c50-3331-bf7d-d37fc9b93a41" testName="AppInfraCdkV1.Tests.Unit.ConfigurationModelsTests.TaskDefinitionConfig_WithValidData_ShouldCreateInstance" computerName="kens" duration="00:00:00.0001741" startTime="2025-08-16T15:26:47.7529470-07:00" endTime="2025-08-16T15:26:47.7529470-07:00" testType="13cdc9d9-ddb5-4fa4-a97d-d965ccfc6d4b" outcome="Passed" testListId="8c84fa94-04c1-424b-9868-57a2d4851a1d" relativeResultsDirectory="56fbd242-66ae-4cf1-b458-1cc7d7141ba8" />
    <UnitTestResult executionId="279129c9-1241-4edb-a25b-f34736d4ba3e" testId="ad059f7f-207f-6a7c-7be3-bd7197b7f871" testName="AppInfraCdkV1.Tests.Unit.TrialMatchConfigurationLoaderTests.SubstituteVariables_WithValidVariables_ShouldReplaceCorrectly" computerName="kens" duration="00:00:00.0771226" startTime="2025-08-16T15:26:47.7918600-07:00" endTime="2025-08-16T15:26:47.7918600-07:00" testType="13cdc9d9-ddb5-4fa4-a97d-d965ccfc6d4b" outcome="Passed" testListId="8c84fa94-04c1-424b-9868-57a2d4851a1d" relativeResultsDirectory="279129c9-1241-4edb-a25b-f34736d4ba3e" />
    <UnitTestResult executionId="0757f162-edc8-4a22-904c-5b6b71d71c54" testId="e9d2b691-8bce-87bb-07b5-e0165eadd757" testName="AppInfraCdkV1.Tests.Unit.TrialFinderV2ConfigTests.GetConfigEnvironmentOverridesConfiguresEnhancedMonitoring(environment: &quot;Staging&quot;, expectedAccountType: Production, expectedMonitoring: True)" computerName="kens" duration="00:00:00.0003070" startTime="2025-08-16T15:26:47.7539360-07:00" endTime="2025-08-16T15:26:47.7539360-07:00" testType="13cdc9d9-ddb5-4fa4-a97d-d965ccfc6d4b" outcome="Passed" testListId="8c84fa94-04c1-424b-9868-57a2d4851a1d" relativeResultsDirectory="0757f162-edc8-4a22-904c-5b6b71d71c54" />
    <UnitTestResult executionId="bc74638e-f368-4fdd-84da-c1a84896c02d" testId="65b6a4b0-992f-83b6-c4d7-f86505cb5564" testName="AppInfraCdkV1.Tests.Integration.NamingValidationIntegrationTests.ValidateCognitoResourcePurpose_WithValidEnvironmentAndApp_ShouldHaveCorrectPurpose(environment: &quot;Development&quot;, application: &quot;TrialFinderV2&quot;)" computerName="kens" duration="00:00:00.0002887" startTime="2025-08-16T15:26:47.7709800-07:00" endTime="2025-08-16T15:26:47.7709800-07:00" testType="13cdc9d9-ddb5-4fa4-a97d-d965ccfc6d4b" outcome="Passed" testListId="8c84fa94-04c1-424b-9868-57a2d4851a1d" relativeResultsDirectory="bc74638e-f368-4fdd-84da-c1a84896c02d" />
    <UnitTestResult executionId="73025290-a046-41ff-8791-58bb702c7d30" testId="65c35f0e-940e-e858-fdae-4853db06d2c0" testName="AppInfraCdkV1.Tests.Unit.TrialFinderV2ConfigTests.GetConfigWithProductionEnvironmentReturnsProductionConfig(environment: &quot;Production&quot;)" computerName="kens" duration="00:00:00.0011734" startTime="2025-08-16T15:26:47.7532490-07:00" endTime="2025-08-16T15:26:47.7532490-07:00" testType="13cdc9d9-ddb5-4fa4-a97d-d965ccfc6d4b" outcome="Passed" testListId="8c84fa94-04c1-424b-9868-57a2d4851a1d" relativeResultsDirectory="73025290-a046-41ff-8791-58bb702c7d30" />
    <UnitTestResult executionId="a6d1ab7c-d71d-4c28-8dc3-e35e6044d95f" testId="9bccf0b6-f522-b0d2-2c35-ece3fab4c8f8" testName="AppInfraCdkV1.Tests.Unit.NamingConventionTests.GetApplicationCodeWithValidEnumReturnsCorrectCode(application: TrialFinderV2, expectedCode: &quot;tfv2&quot;)" computerName="kens" duration="00:00:00.0000211" startTime="2025-08-16T15:26:47.7621460-07:00" endTime="2025-08-16T15:26:47.7621460-07:00" testType="13cdc9d9-ddb5-4fa4-a97d-d965ccfc6d4b" outcome="Passed" testListId="8c84fa94-04c1-424b-9868-57a2d4851a1d" relativeResultsDirectory="a6d1ab7c-d71d-4c28-8dc3-e35e6044d95f" />
    <UnitTestResult executionId="eb40e6f2-d283-4b0f-995f-946f479e3a57" testId="a2d51cb0-9761-e155-fe15-2956febf9979" testName="AppInfraCdkV1.Tests.Unit.NamingConventionTests.GetApplicationCodeWithValidApplicationReturnsCorrectCode(application: &quot;Cdk&quot;, expectedCode: &quot;cdk&quot;)" computerName="kens" duration="00:00:00.0000188" startTime="2025-08-16T15:26:47.7622530-07:00" endTime="2025-08-16T15:26:47.7622530-07:00" testType="13cdc9d9-ddb5-4fa4-a97d-d965ccfc6d4b" outcome="Passed" testListId="8c84fa94-04c1-424b-9868-57a2d4851a1d" relativeResultsDirectory="eb40e6f2-d283-4b0f-995f-946f479e3a57" />
    <UnitTestResult executionId="cd493631-5d71-4348-a8af-b3b6c4b49cf4" testId="75cec38b-c20e-2c0a-c5df-4fe009633be6" testName="AppInfraCdkV1.Tests.Unit.TrialMatchConfigTests.GetConfigWithDevelopmentConfiguresMultiEnvironmentCorrectly" computerName="kens" duration="00:00:00.0499909" startTime="2025-08-16T15:26:47.7446160-07:00" endTime="2025-08-16T15:26:47.7446160-07:00" testType="13cdc9d9-ddb5-4fa4-a97d-d965ccfc6d4b" outcome="Passed" testListId="8c84fa94-04c1-424b-9868-57a2d4851a1d" relativeResultsDirectory="cd493631-5d71-4348-a8af-b3b6c4b49cf4" />
    <UnitTestResult executionId="f90bea30-ebf3-42c6-b7cf-1507003ce24f" testId="4080334d-d867-8958-80b6-1706c11fbd88" testName="AppInfraCdkV1.Tests.Unit.NamingConventionTests.GenerateS3BucketNameWithValidContextReturnsCorrectFormat" computerName="kens" duration="00:00:00.0000344" startTime="2025-08-16T15:26:47.7623490-07:00" endTime="2025-08-16T15:26:47.7623490-07:00" testType="13cdc9d9-ddb5-4fa4-a97d-d965ccfc6d4b" outcome="Passed" testListId="8c84fa94-04c1-424b-9868-57a2d4851a1d" relativeResultsDirectory="f90bea30-ebf3-42c6-b7cf-1507003ce24f" />
    <UnitTestResult executionId="11a4c36f-60ea-4401-b261-e76273f0f089" testId="f4fef808-6382-f0a2-2016-13a8b1cb0a0a" testName="AppInfraCdkV1.Tests.Unit.ConfigurationModelsTests.EcsTaskConfiguration_WithMultipleServices_ShouldHandleMultipleServices" computerName="kens" duration="00:00:00.0001716" startTime="2025-08-16T15:26:49.1528100-07:00" endTime="2025-08-16T15:26:49.1528100-07:00" testType="13cdc9d9-ddb5-4fa4-a97d-d965ccfc6d4b" outcome="Passed" testListId="8c84fa94-04c1-424b-9868-57a2d4851a1d" relativeResultsDirectory="11a4c36f-60ea-4401-b261-e76273f0f089" />
    <UnitTestResult executionId="d691b2b7-698a-46c8-8fa0-e7ed9d3be24e" testId="9f84caae-7acd-4d0d-dda2-2216ebdab2ac" testName="AppInfraCdkV1.Tests.Unit.NamingConventionTests.GetEnvironmentsInSameAccountWithProductionReturnsProductionEnvironments" computerName="kens" duration="00:00:00.0001214" startTime="2025-08-16T15:26:47.7625270-07:00" endTime="2025-08-16T15:26:47.7625270-07:00" testType="13cdc9d9-ddb5-4fa4-a97d-d965ccfc6d4b" outcome="Passed" testListId="8c84fa94-04c1-424b-9868-57a2d4851a1d" relativeResultsDirectory="d691b2b7-698a-46c8-8fa0-e7ed9d3be24e" />
    <UnitTestResult executionId="c637a5f2-89d8-4818-bb56-e694787accff" testId="29a9493e-51eb-94f1-d233-3c73f914b9a7" testName="AppInfraCdkV1.Tests.Unit.DeploymentContextTests.GetCommonTagsIncludesEnvironmentTags" computerName="kens" duration="00:00:00.0010735" startTime="2025-08-16T15:26:47.7548370-07:00" endTime="2025-08-16T15:26:47.7548370-07:00" testType="13cdc9d9-ddb5-4fa4-a97d-d965ccfc6d4b" outcome="Passed" testListId="8c84fa94-04c1-424b-9868-57a2d4851a1d" relativeResultsDirectory="c637a5f2-89d8-4818-bb56-e694787accff" />
    <UnitTestResult executionId="1bc4aec1-dfa0-4fe0-91ea-c412737d2743" testId="57cd0d12-4a47-017c-53e0-7a767ffeb7e2" testName="AppInfraCdkV1.Tests.Unit.ConfigurationModelsTests.TaskDefinitionConfig_WithMultipleContainers_ShouldHandleMultipleContainers" computerName="kens" duration="00:00:00.0000820" startTime="2025-08-16T15:26:49.1533860-07:00" endTime="2025-08-16T15:26:49.1533860-07:00" testType="13cdc9d9-ddb5-4fa4-a97d-d965ccfc6d4b" outcome="Passed" testListId="8c84fa94-04c1-424b-9868-57a2d4851a1d" relativeResultsDirectory="1bc4aec1-dfa0-4fe0-91ea-c412737d2743" />
    <UnitTestResult executionId="73730cd9-3f6d-4c2c-9796-98d84148e322" testId="9a4c07cb-16ad-3b07-8c90-026095b6e7dc" testName="AppInfraCdkV1.Tests.Unit.ResourceSizingTests.GetSizingForEnvironment_ShouldReturnNewInstanceEachTime" computerName="kens" duration="00:00:00.0000643" startTime="2025-08-16T15:26:47.7630790-07:00" endTime="2025-08-16T15:26:47.7630790-07:00" testType="13cdc9d9-ddb5-4fa4-a97d-d965ccfc6d4b" outcome="Passed" testListId="8c84fa94-04c1-424b-9868-57a2d4851a1d" relativeResultsDirectory="73730cd9-3f6d-4c2c-9796-98d84148e322" />
    <UnitTestResult executionId="1229d738-64ac-47e0-8a33-29f8f1bcaff8" testId="a97676de-c59c-85ab-4413-21c071390b9e" testName="AppInfraCdkV1.Tests.Unit.DeploymentContextTests.NamerPropertyInitializationCreatesResourceNamerInstance" computerName="kens" duration="00:00:00.0000834" startTime="2025-08-16T15:26:47.7558050-07:00" endTime="2025-08-16T15:26:47.7558050-07:00" testType="13cdc9d9-ddb5-4fa4-a97d-d965ccfc6d4b" outcome="Passed" testListId="8c84fa94-04c1-424b-9868-57a2d4851a1d" relativeResultsDirectory="1229d738-64ac-47e0-8a33-29f8f1bcaff8" />
    <UnitTestResult executionId="70bd1308-f53c-44ea-8dfd-7acc2b65b05e" testId="26641051-f1f4-96eb-e3d4-fae5a51163b7" testName="AppInfraCdkV1.Tests.Unit.DeploymentContextTests.NamerPropertyAccessReturnsSameInstance" computerName="kens" duration="00:00:00.0004191" startTime="2025-08-16T15:26:47.7538060-07:00" endTime="2025-08-16T15:26:47.7538060-07:00" testType="13cdc9d9-ddb5-4fa4-a97d-d965ccfc6d4b" outcome="Passed" testListId="8c84fa94-04c1-424b-9868-57a2d4851a1d" relativeResultsDirectory="70bd1308-f53c-44ea-8dfd-7acc2b65b05e" />
    <UnitTestResult executionId="1f8679e6-9aee-4ff4-b679-3d95e75444dd" testId="269b88e2-58d3-53c4-161c-e248e203dccd" testName="AppInfraCdkV1.Tests.Unit.TrialMatchConfigurationLoaderTests.ValidateConfiguration_WithEmptySecrets_ShouldNotThrow" computerName="kens" duration="00:00:00.0001101" startTime="2025-08-16T15:26:47.7962660-07:00" endTime="2025-08-16T15:26:47.7962660-07:00" testType="13cdc9d9-ddb5-4fa4-a97d-d965ccfc6d4b" outcome="Passed" testListId="8c84fa94-04c1-424b-9868-57a2d4851a1d" relativeResultsDirectory="1f8679e6-9aee-4ff4-b679-3d95e75444dd" />
    <UnitTestResult executionId="830cf894-9103-458e-ad5a-da2d2d2203fb" testId="871ada24-92cf-ccb7-ca75-a645d5b5d865" testName="AppInfraCdkV1.Tests.Unit.TrialMatchConfigTests.GetConfigWithProductionEnvironmentReturnsProductionConfig(environment: &quot;Production&quot;)" computerName="kens" duration="00:00:00.0000434" startTime="2025-08-16T15:26:47.7523790-07:00" endTime="2025-08-16T15:26:47.7523790-07:00" testType="13cdc9d9-ddb5-4fa4-a97d-d965ccfc6d4b" outcome="Passed" testListId="8c84fa94-04c1-424b-9868-57a2d4851a1d" relativeResultsDirectory="830cf894-9103-458e-ad5a-da2d2d2203fb" />
    <UnitTestResult executionId="3fa80bcd-3ee7-468e-8752-8ff3746e05f3" testId="d318b249-3101-692f-3a89-12f2a1ee5d63" testName="AppInfraCdkV1.Tests.Integration.NamingValidationIntegrationTests.GenerateResourceNames_WithValidEnvironmentAndApp_ShouldProduceCorrectNames(environment: &quot;Production&quot;, application: &quot;TrialMatch&quot;)" computerName="kens" duration="00:00:00.0009586" startTime="2025-08-16T15:26:47.7646830-07:00" endTime="2025-08-16T15:26:47.7646830-07:00" testType="13cdc9d9-ddb5-4fa4-a97d-d965ccfc6d4b" outcome="Passed" testListId="8c84fa94-04c1-424b-9868-57a2d4851a1d" relativeResultsDirectory="3fa80bcd-3ee7-468e-8752-8ff3746e05f3" />
    <UnitTestResult executionId="f01d68f5-d8c7-4917-93e8-b71ae6e2fb60" testId="3dd0d884-abef-c93d-5cc5-b995b85cb5fa" testName="AppInfraCdkV1.Tests.Unit.SecurityConfigTests.GetSecurityConfigForAccountType_WithNonProductionAccountType_ShouldReturnDevelopmentConfig" computerName="kens" duration="00:00:00.0011285" startTime="2025-08-16T15:26:47.7502490-07:00" endTime="2025-08-16T15:26:47.7502490-07:00" testType="13cdc9d9-ddb5-4fa4-a97d-d965ccfc6d4b" outcome="Passed" testListId="8c84fa94-04c1-424b-9868-57a2d4851a1d" relativeResultsDirectory="f01d68f5-d8c7-4917-93e8-b71ae6e2fb60" />
    <UnitTestResult executionId="a151d5c4-51ed-4525-b578-136b37946c7a" testId="1ee62d75-7f6f-f681-2bef-2abaef58e091" testName="AppInfraCdkV1.Tests.Unit.TrialFinderEcrImageTests.EnvironmentVariables_ShouldIncludeImageSource_ForEcrDeployment" computerName="kens" duration="00:00:00.0001829" startTime="2025-08-16T15:26:47.7531460-07:00" endTime="2025-08-16T15:26:47.7531460-07:00" testType="13cdc9d9-ddb5-4fa4-a97d-d965ccfc6d4b" outcome="Passed" testListId="8c84fa94-04c1-424b-9868-57a2d4851a1d" relativeResultsDirectory="a151d5c4-51ed-4525-b578-136b37946c7a" />
    <UnitTestResult executionId="99f7709f-2129-4c06-9df8-2eb11911a924" testId="b273c523-45d3-7f2b-0dce-a40fa9228a55" testName="AppInfraCdkV1.Tests.Unit.TrialMatchConfigTests.GetConfigWithDevelopmentConfiguresNonProductionSettings" computerName="kens" duration="00:00:00.0003537" startTime="2025-08-16T15:26:47.7521720-07:00" endTime="2025-08-16T15:26:47.7521720-07:00" testType="13cdc9d9-ddb5-4fa4-a97d-d965ccfc6d4b" outcome="Passed" testListId="8c84fa94-04c1-424b-9868-57a2d4851a1d" relativeResultsDirectory="99f7709f-2129-4c06-9df8-2eb11911a924" />
    <UnitTestResult executionId="c29d44b1-3b11-4e96-9d60-a0f4f88fa541" testId="84fb2efc-c292-ced6-c97a-3ab7a77a072f" testName="AppInfraCdkV1.Tests.Unit.EnvironmentConfigTests.Constructor_ShouldInitializeWithDefaultValues" computerName="kens" duration="00:00:00.0003238" startTime="2025-08-16T15:26:47.7684200-07:00" endTime="2025-08-16T15:26:47.7684200-07:00" testType="13cdc9d9-ddb5-4fa4-a97d-d965ccfc6d4b" outcome="Passed" testListId="8c84fa94-04c1-424b-9868-57a2d4851a1d" relativeResultsDirectory="c29d44b1-3b11-4e96-9d60-a0f4f88fa541" />
    <UnitTestResult executionId="417ef90d-fc98-4508-8c05-d31c17359a11" testId="c79a9be8-5ab1-cbc9-4aad-765504709b1e" testName="AppInfraCdkV1.Tests.Integration.ShowNamesOnlyIntegrationTests.ShowNamesOnly_WithValidEnvironmentAndApp_ContainsExpectedResourceNames(environment: &quot;Production&quot;, application: &quot;TrialFinderV2&quot;)" computerName="kens" duration="00:00:00.0857027" startTime="2025-08-16T15:26:49.6473580-07:00" endTime="2025-08-16T15:26:49.6473590-07:00" testType="13cdc9d9-ddb5-4fa4-a97d-d965ccfc6d4b" outcome="Passed" testListId="8c84fa94-04c1-424b-9868-57a2d4851a1d" relativeResultsDirectory="417ef90d-fc98-4508-8c05-d31c17359a11" />
    <UnitTestResult executionId="707ce08b-30f5-45fa-9fb6-e537877f0462" testId="38d1236d-7ba2-290d-0c41-2142ee4e3e9e" testName="AppInfraCdkV1.Tests.Unit.TrialMatchConfigurationLoaderTests.ValidateConfiguration_WithMissingProtocol_ShouldThrow" computerName="kens" duration="00:00:00.0001874" startTime="2025-08-16T15:26:47.7955330-07:00" endTime="2025-08-16T15:26:47.7955330-07:00" testType="13cdc9d9-ddb5-4fa4-a97d-d965ccfc6d4b" outcome="Passed" testListId="8c84fa94-04c1-424b-9868-57a2d4851a1d" relativeResultsDirectory="707ce08b-30f5-45fa-9fb6-e537877f0462" />
    <UnitTestResult executionId="9cc4cd05-af7b-4945-8096-06abd3a31f81" testId="482afe8e-5709-4825-ef53-67791dfe61f8" testName="AppInfraCdkV1.Tests.Integration.ShowNamesOnlyIntegrationTests.ShowNamesOnly_WithValidEnvironmentAndApp_ContainsExpectedResourceNames(environment: &quot;Development&quot;, application: &quot;TrialFinderV2&quot;)" computerName="kens" duration="00:00:00.0850183" startTime="2025-08-16T15:26:49.5614190-07:00" endTime="2025-08-16T15:26:49.5614190-07:00" testType="13cdc9d9-ddb5-4fa4-a97d-d965ccfc6d4b" outcome="Passed" testListId="8c84fa94-04c1-424b-9868-57a2d4851a1d" relativeResultsDirectory="9cc4cd05-af7b-4945-8096-06abd3a31f81" />
    <UnitTestResult executionId="c71850ad-fa27-4a81-a3c1-68bbffaa46f6" testId="9f56cca0-082c-7870-34ce-f3b95e2513b2" testName="AppInfraCdkV1.Tests.Integration.NamingValidationIntegrationTests.GenerateResourceNames_WithValidEnvironmentAndApp_ShouldProduceCorrectNames(environment: &quot;Development&quot;, application: &quot;TrialMatch&quot;)" computerName="kens" duration="00:00:00.0732297" startTime="2025-08-16T15:26:47.7630410-07:00" endTime="2025-08-16T15:26:47.7630410-07:00" testType="13cdc9d9-ddb5-4fa4-a97d-d965ccfc6d4b" outcome="Passed" testListId="8c84fa94-04c1-424b-9868-57a2d4851a1d" relativeResultsDirectory="c71850ad-fa27-4a81-a3c1-68bbffaa46f6" />
    <UnitTestResult executionId="ab6cede4-3642-4a55-adf0-03c76d5f9fe6" testId="63ccfd3e-0908-6c9b-ca2a-6492c112e38d" testName="AppInfraCdkV1.Tests.Unit.NamingConventionTests.GenerateLogGroupNameWithValidContextReturnsCorrectFormat" computerName="kens" duration="00:00:00.0000940" startTime="2025-08-16T15:26:47.7630490-07:00" endTime="2025-08-16T15:26:47.7630490-07:00" testType="13cdc9d9-ddb5-4fa4-a97d-d965ccfc6d4b" outcome="Passed" testListId="8c84fa94-04c1-424b-9868-57a2d4851a1d" relativeResultsDirectory="ab6cede4-3642-4a55-adf0-03c76d5f9fe6" />
    <UnitTestResult executionId="a5164f8c-eb5e-4e94-98b5-f524f2891356" testId="7c46aaa2-53ab-822a-d4ef-4dddb9302d06" testName="AppInfraCdkV1.Tests.Unit.ResourceNamerTests.RdsInstance_WithPurpose_ShouldGenerateCorrectName" computerName="kens" duration="00:00:00.0000707" startTime="2025-08-16T15:26:47.7486330-07:00" endTime="2025-08-16T15:26:47.7486330-07:00" testType="13cdc9d9-ddb5-4fa4-a97d-d965ccfc6d4b" outcome="Passed" testListId="8c84fa94-04c1-424b-9868-57a2d4851a1d" relativeResultsDirectory="a5164f8c-eb5e-4e94-98b5-f524f2891356" />
    <UnitTestResult executionId="98b59cc6-4251-49d0-9e09-bd9a144ae55d" testId="a4a28a05-176b-45f9-8edb-44c286242df0" testName="AppInfraCdkV1.Tests.Unit.DeploymentContextTests.GetCommonTagsWithCustomDeployedAtFormatUsesCorrectDateFormat" computerName="kens" duration="00:00:00.0001243" startTime="2025-08-16T15:26:47.7557200-07:00" endTime="2025-08-16T15:26:47.7557200-07:00" testType="13cdc9d9-ddb5-4fa4-a97d-d965ccfc6d4b" outcome="Passed" testListId="8c84fa94-04c1-424b-9868-57a2d4851a1d" relativeResultsDirectory="98b59cc6-4251-49d0-9e09-bd9a144ae55d" />
    <UnitTestResult executionId="c9bef6cc-d6d6-4366-8173-0e17144fde7e" testId="4b9a4dd6-d1bd-0939-3508-8c0c99501a0a" testName="AppInfraCdkV1.Tests.Unit.ConfigurationModelsTests.ContainerDefinitionConfig_WithEnvironmentVariables_ShouldIncludeEnvironmentVariables" computerName="kens" duration="00:00:00.0000931" startTime="2025-08-16T15:26:49.1532940-07:00" endTime="2025-08-16T15:26:49.1532940-07:00" testType="13cdc9d9-ddb5-4fa4-a97d-d965ccfc6d4b" outcome="Passed" testListId="8c84fa94-04c1-424b-9868-57a2d4851a1d" relativeResultsDirectory="c9bef6cc-d6d6-4366-8173-0e17144fde7e" />
    <UnitTestResult executionId="cd3bf516-46cc-4c9e-91bb-684b3b8f0378" testId="3effb325-2340-5453-a684-5d133c11bf45" testName="AppInfraCdkV1.Tests.Integration.ShowNamesOnlyIntegrationTests.ShowNamesOnly_GeneratesCorrectNamingPrefix(environment: &quot;Development&quot;, application: &quot;TrialMatch&quot;, expectedPrefix: &quot;dev&quot;)" computerName="kens" duration="00:00:00.0889398" startTime="2025-08-16T15:26:50.0090870-07:00" endTime="2025-08-16T15:26:50.0090870-07:00" testType="13cdc9d9-ddb5-4fa4-a97d-d965ccfc6d4b" outcome="Failed" testListId="8c84fa94-04c1-424b-9868-57a2d4851a1d" relativeResultsDirectory="cd3bf516-46cc-4c9e-91bb-684b3b8f0378">
      <Output>
        <ErrorInfo>
          <Message>Shouldly.ShouldAssertException : result.StandardOutput&#xD;
    should contain (case insensitive comparison)&#xD;
"dev-tm-"&#xD;
    but was actually&#xD;
"\ud83d\ude80 Starting CDK deployment for TrialFinderV2 in Development
\ud83d\udd0d Validating naming conventions...
✅ Na..."</Message>
          <StackTrace>   at AppInfraCdkV1.Tests.Integration.ShowNamesOnlyIntegrationTests.ShowNamesOnly_GeneratesCorrectNamingPrefix(String environment, String application, String expectedPrefix) in /Users/ken/code/AppInfraCdkV1/AppInfraCdkV1.Tests/Integration/ShowNamesOnlyIntegrationTests.cs:line 218
   at System.Runtime.ExceptionServices.ExceptionDispatchInfo.Throw()
   at System.Runtime.CompilerServices.TaskAwaiter.ThrowForNonSuccess(Task task)
   at System.Runtime.CompilerServices.TaskAwaiter.HandleNonSuccessAndDebuggerNotification(Task task, ConfigureAwaitOptions options)
--- End of stack trace from previous location ---
   at System.Runtime.ExceptionServices.ExceptionDispatchInfo.Throw()
   at System.Runtime.CompilerServices.TaskAwaiter.ThrowForNonSuccess(Task task)
   at System.Runtime.CompilerServices.TaskAwaiter.HandleNonSuccessAndDebuggerNotification(Task task, ConfigureAwaitOptions options)
   at System.Runtime.ExceptionServices.ExceptionDispatchInfo.Throw()
   at System.Runtime.CompilerServices.TaskAwaiter.ThrowForNonSuccess(Task task)
   at System.Runtime.CompilerServices.TaskAwaiter.HandleNonSuccessAndDebuggerNotification(Task task, ConfigureAwaitOptions options)</StackTrace>
        </ErrorInfo>
      </Output>
    </UnitTestResult>
    <UnitTestResult executionId="aa869303-c208-4099-82e1-75955218f783" testId="04481468-df9c-ab27-ec4f-e6161c59edf6" testName="AppInfraCdkV1.Tests.Unit.ConfigurationModelsTests.HealthCheckConfig_WithValidData_ShouldCreateInstance" computerName="kens" duration="00:00:00.0002412" startTime="2025-08-16T15:26:49.1531900-07:00" endTime="2025-08-16T15:26:49.1531900-07:00" testType="13cdc9d9-ddb5-4fa4-a97d-d965ccfc6d4b" outcome="Passed" testListId="8c84fa94-04c1-424b-9868-57a2d4851a1d" relativeResultsDirectory="aa869303-c208-4099-82e1-75955218f783" />
    <UnitTestResult executionId="7b3210d1-c807-4d7f-a73c-3d56f75b2752" testId="b79089b4-8f49-6da6-4f08-ba4dac1c81b4" testName="AppInfraCdkV1.Tests.Unit.TrialFinderV2ConfigTests.GetConfigWithStagingConfiguresProductionClassSettings" computerName="kens" duration="00:00:00.0001843" startTime="2025-08-16T15:26:47.7545390-07:00" endTime="2025-08-16T15:26:47.7545390-07:00" testType="13cdc9d9-ddb5-4fa4-a97d-d965ccfc6d4b" outcome="Passed" testListId="8c84fa94-04c1-424b-9868-57a2d4851a1d" relativeResultsDirectory="7b3210d1-c807-4d7f-a73c-3d56f75b2752" />
    <UnitTestResult executionId="eeeddc3a-941d-418f-ae86-07e66b969e9b" testId="f880f0fd-3563-7b23-7d78-99d4495af0bf" testName="AppInfraCdkV1.Tests.Unit.EnvironmentConfigTests.Region_ShouldAllowSetAndGet" computerName="kens" duration="00:00:00.0000464" startTime="2025-08-16T15:26:47.7683430-07:00" endTime="2025-08-16T15:26:47.7683430-07:00" testType="13cdc9d9-ddb5-4fa4-a97d-d965ccfc6d4b" outcome="Passed" testListId="8c84fa94-04c1-424b-9868-57a2d4851a1d" relativeResultsDirectory="eeeddc3a-941d-418f-ae86-07e66b969e9b" />
    <UnitTestResult executionId="dca1b71b-d176-434d-afc6-c7f7dfe37cc7" testId="f99a5784-faac-9ebe-1d6d-da1d5052ce44" testName="AppInfraCdkV1.Tests.Unit.TrialFinderEcrRepositoryTests.ResourceNamer_ShouldGenerateCorrectEcrRepositoryNames" computerName="kens" duration="00:00:00.0000805" startTime="2025-08-16T15:26:47.7963280-07:00" endTime="2025-08-16T15:26:47.7963280-07:00" testType="13cdc9d9-ddb5-4fa4-a97d-d965ccfc6d4b" outcome="Passed" testListId="8c84fa94-04c1-424b-9868-57a2d4851a1d" relativeResultsDirectory="dca1b71b-d176-434d-afc6-c7f7dfe37cc7" />
    <UnitTestResult executionId="d5c7eb2e-1740-4b9d-9384-8cc16b9fe094" testId="8bc4d3e5-43b7-d203-b89d-f08e18e8b3a9" testName="AppInfraCdkV1.Tests.Unit.TrialFinderV2ConfigTests.GetConfigWithStagingEnvironmentReturnsStagingConfig(environment: &quot;Staging&quot;)" computerName="kens" duration="00:00:00.0001540" startTime="2025-08-16T15:26:47.7540350-07:00" endTime="2025-08-16T15:26:47.7540350-07:00" testType="13cdc9d9-ddb5-4fa4-a97d-d965ccfc6d4b" outcome="Passed" testListId="8c84fa94-04c1-424b-9868-57a2d4851a1d" relativeResultsDirectory="d5c7eb2e-1740-4b9d-9384-8cc16b9fe094" />
    <UnitTestResult executionId="bd7150a6-4147-44d2-86c4-64d532f5fab8" testId="d3df8c98-e18d-b2e4-8707-34ca0fd3df29" testName="AppInfraCdkV1.Tests.Unit.ConfigurationLoaderTests.GetConfig_WithDevelopmentEnvironment_ShouldIncludeCognitoSettings" computerName="kens" duration="00:00:00.0001159" startTime="2025-08-16T15:26:47.7932100-07:00" endTime="2025-08-16T15:26:47.7932100-07:00" testType="13cdc9d9-ddb5-4fa4-a97d-d965ccfc6d4b" outcome="Passed" testListId="8c84fa94-04c1-424b-9868-57a2d4851a1d" relativeResultsDirectory="bd7150a6-4147-44d2-86c4-64d532f5fab8" />
    <UnitTestResult executionId="9476cd8d-d3a7-4997-b215-18c0d649fdde" testId="b84845b9-3aff-e6f7-3a4f-07dfdfe37646" testName="AppInfraCdkV1.Tests.Unit.NamingConventionTests.GetRegionCodeWithValidEnumReturnsCorrectCode(region: UsWest2, expectedCode: &quot;uw2&quot;)" computerName="kens" duration="00:00:00.0000760" startTime="2025-08-16T15:26:47.7506510-07:00" endTime="2025-08-16T15:26:47.7506510-07:00" testType="13cdc9d9-ddb5-4fa4-a97d-d965ccfc6d4b" outcome="Passed" testListId="8c84fa94-04c1-424b-9868-57a2d4851a1d" relativeResultsDirectory="9476cd8d-d3a7-4997-b215-18c0d649fdde" />
    <UnitTestResult executionId="070313a8-45a4-4ac9-b000-801e93d26786" testId="9634e898-010e-5db8-7a0e-4ef1560e8d19" testName="AppInfraCdkV1.Tests.Integration.ShowNamesOnlyBasicTest.ShowNamesOnly_BasicExecution_ReturnsExpectedOutput(application: &quot;TrialMatch&quot;)" computerName="kens" duration="00:00:00.1733187" startTime="2025-08-16T15:26:47.9005610-07:00" endTime="2025-08-16T15:26:47.9005610-07:00" testType="13cdc9d9-ddb5-4fa4-a97d-d965ccfc6d4b" outcome="Failed" testListId="8c84fa94-04c1-424b-9868-57a2d4851a1d" relativeResultsDirectory="070313a8-45a4-4ac9-b000-801e93d26786">
      <Output>
        <ErrorInfo>
          <Message>Shouldly.ShouldAssertException : output&#xD;
    should contain (case insensitive comparison)&#xD;
"Starting CDK deployment for TrialMatch in Development"&#xD;
    but was actually&#xD;
"\ud83d\ude80 Starting CDK deployment for TrialFinderV2 in Development
\ud83d\udd0d Validating naming conventions...
✅ Na..."</Message>
          <StackTrace>   at AppInfraCdkV1.Tests.Integration.ShowNamesOnlyBasicTest.ShowNamesOnly_BasicExecution_ReturnsExpectedOutput(String application) in /Users/ken/code/AppInfraCdkV1/AppInfraCdkV1.Tests/Integration/ShowNamesOnlyBasicTest.cs:line 48
   at System.Runtime.ExceptionServices.ExceptionDispatchInfo.Throw()
   at System.Runtime.CompilerServices.TaskAwaiter.ThrowForNonSuccess(Task task)
   at System.Runtime.CompilerServices.TaskAwaiter.HandleNonSuccessAndDebuggerNotification(Task task, ConfigureAwaitOptions options)
--- End of stack trace from previous location ---
   at System.Runtime.ExceptionServices.ExceptionDispatchInfo.Throw()
   at System.Runtime.CompilerServices.TaskAwaiter.ThrowForNonSuccess(Task task)
   at System.Runtime.CompilerServices.TaskAwaiter.HandleNonSuccessAndDebuggerNotification(Task task, ConfigureAwaitOptions options)
   at System.Runtime.ExceptionServices.ExceptionDispatchInfo.Throw()
   at System.Runtime.CompilerServices.TaskAwaiter.ThrowForNonSuccess(Task task)
   at System.Runtime.CompilerServices.TaskAwaiter.HandleNonSuccessAndDebuggerNotification(Task task, ConfigureAwaitOptions options)</StackTrace>
        </ErrorInfo>
      </Output>
    </UnitTestResult>
    <UnitTestResult executionId="e56dc465-b03b-4ab0-be10-2324efb83277" testId="58675811-9b39-782b-62f3-228464b47670" testName="AppInfraCdkV1.Tests.Integration.ShowNamesOnlyIntegrationTests.ShowNamesOnly_WithInvalidApplication_FailsWithError" computerName="kens" duration="00:00:00.0942962" startTime="2025-08-16T15:26:50.4195950-07:00" endTime="2025-08-16T15:26:50.4195950-07:00" testType="13cdc9d9-ddb5-4fa4-a97d-d965ccfc6d4b" outcome="Failed" testListId="8c84fa94-04c1-424b-9868-57a2d4851a1d" relativeResultsDirectory="e56dc465-b03b-4ab0-be10-2324efb83277">
      <Output>
        <ErrorInfo>
          <Message>Shouldly.ShouldAssertException : result.ExitCode&#xD;
    should not be&#xD;
0&#xD;
    but was&#xD;
&#xD;
Additional Info:&#xD;
    Command should fail with invalid application</Message>
          <StackTrace>   at AppInfraCdkV1.Tests.Integration.ShowNamesOnlyIntegrationTests.ShowNamesOnly_WithInvalidApplication_FailsWithError() in /Users/ken/code/AppInfraCdkV1/AppInfraCdkV1.Tests/Integration/ShowNamesOnlyIntegrationTests.cs:line 196
   at System.Runtime.ExceptionServices.ExceptionDispatchInfo.Throw()
   at System.Runtime.CompilerServices.TaskAwaiter.ThrowForNonSuccess(Task task)
   at System.Runtime.CompilerServices.TaskAwaiter.HandleNonSuccessAndDebuggerNotification(Task task, ConfigureAwaitOptions options)
--- End of stack trace from previous location ---
   at System.Runtime.ExceptionServices.ExceptionDispatchInfo.Throw()
   at System.Runtime.CompilerServices.TaskAwaiter.ThrowForNonSuccess(Task task)
   at System.Runtime.CompilerServices.TaskAwaiter.HandleNonSuccessAndDebuggerNotification(Task task, ConfigureAwaitOptions options)
   at System.Runtime.ExceptionServices.ExceptionDispatchInfo.Throw()
   at System.Runtime.CompilerServices.TaskAwaiter.ThrowForNonSuccess(Task task)
   at System.Runtime.CompilerServices.TaskAwaiter.HandleNonSuccessAndDebuggerNotification(Task task, ConfigureAwaitOptions options)</StackTrace>
        </ErrorInfo>
      </Output>
    </UnitTestResult>
    <UnitTestResult executionId="4b2f38d6-f608-418e-9168-7d7891b2a3c2" testId="66cceddd-38a4-e63d-66f0-149789fa8fb7" testName="AppInfraCdkV1.Tests.Unit.ResourceNamerTests.EcsCluster_WithCustomPurpose_ShouldGenerateCorrectName" computerName="kens" duration="00:00:00.0000393" startTime="2025-08-16T15:26:47.7486510-07:00" endTime="2025-08-16T15:26:47.7486510-07:00" testType="13cdc9d9-ddb5-4fa4-a97d-d965ccfc6d4b" outcome="Passed" testListId="8c84fa94-04c1-424b-9868-57a2d4851a1d" relativeResultsDirectory="4b2f38d6-f608-418e-9168-7d7891b2a3c2" />
    <UnitTestResult executionId="2f389e9e-aab0-453d-be42-448245e0e1f3" testId="a2d73722-d0e6-6ac9-9be0-7255bd0b7b2b" testName="AppInfraCdkV1.Tests.Unit.NamingConventionTests.GetAccountTypeWithValidEnumReturnsCorrectType(environment: Development, expectedType: NonProduction)" computerName="kens" duration="00:00:00.0000571" startTime="2025-08-16T15:26:47.7617570-07:00" endTime="2025-08-16T15:26:47.7617570-07:00" testType="13cdc9d9-ddb5-4fa4-a97d-d965ccfc6d4b" outcome="Passed" testListId="8c84fa94-04c1-424b-9868-57a2d4851a1d" relativeResultsDirectory="2f389e9e-aab0-453d-be42-448245e0e1f3" />
    <UnitTestResult executionId="2f15dcc8-3704-4881-9a53-eadb84aa5e0e" testId="b5cc78bf-b9be-b00b-a2ab-6b7d7eba6579" testName="AppInfraCdkV1.Tests.Unit.TrialMatchConfigTests.GetConfigEnvironmentOverridesConfiguresEnhancedMonitoring(environment: &quot;Integration&quot;, expectedAccountType: NonProduction, expectedMonitoring: False)" computerName="kens" duration="00:00:00.0006479" startTime="2025-08-16T15:26:47.7494810-07:00" endTime="2025-08-16T15:26:47.7494810-07:00" testType="13cdc9d9-ddb5-4fa4-a97d-d965ccfc6d4b" outcome="Passed" testListId="8c84fa94-04c1-424b-9868-57a2d4851a1d" relativeResultsDirectory="2f15dcc8-3704-4881-9a53-eadb84aa5e0e" />
    <UnitTestResult executionId="26ff8674-f3c3-4776-9e7b-90de685c18e3" testId="f6873326-47b1-9778-bd4a-b92ba025e798" testName="AppInfraCdkV1.Tests.Unit.TrialFinderV2ConfigTests.GetConfigWithDevelopmentConfiguresNonProductionSettings" computerName="kens" duration="00:00:00.0000967" startTime="2025-08-16T15:26:47.7547480-07:00" endTime="2025-08-16T15:26:47.7547480-07:00" testType="13cdc9d9-ddb5-4fa4-a97d-d965ccfc6d4b" outcome="Passed" testListId="8c84fa94-04c1-424b-9868-57a2d4851a1d" relativeResultsDirectory="26ff8674-f3c3-4776-9e7b-90de685c18e3" />
    <UnitTestResult executionId="91200796-182a-415f-8c59-cff99fc76b98" testId="0cf4d66e-472d-5d8d-7ed4-c8b76bfb0ed5" testName="AppInfraCdkV1.Tests.Unit.ConfigurationLoaderTests.ValidateConfiguration_WithEmptySecrets_ShouldNotThrow" computerName="kens" duration="00:00:00.0001546" startTime="2025-08-16T15:26:47.7931900-07:00" endTime="2025-08-16T15:26:47.7931900-07:00" testType="13cdc9d9-ddb5-4fa4-a97d-d965ccfc6d4b" outcome="Passed" testListId="8c84fa94-04c1-424b-9868-57a2d4851a1d" relativeResultsDirectory="91200796-182a-415f-8c59-cff99fc76b98" />
    <UnitTestResult executionId="9212e2ea-89c4-4f56-b658-50e9510f0429" testId="3699ed39-43b2-e909-c4c3-0ec7d2e73f55" testName="AppInfraCdkV1.Tests.Integration.NamingValidationIntegrationTests.ValidateCognitoResourceLimits_WithValidEnvironmentAndApp_ShouldRespectAwsLimits(environment: &quot;Development&quot;, application: &quot;TrialFinderV2&quot;)" computerName="kens" duration="00:00:00.0010610" startTime="2025-08-16T15:26:47.7657660-07:00" endTime="2025-08-16T15:26:47.7657660-07:00" testType="13cdc9d9-ddb5-4fa4-a97d-d965ccfc6d4b" outcome="Passed" testListId="8c84fa94-04c1-424b-9868-57a2d4851a1d" relativeResultsDirectory="9212e2ea-89c4-4f56-b658-50e9510f0429" />
    <UnitTestResult executionId="367edbe2-a5cf-4a08-a1eb-d0a7c4d893d1" testId="402ee0a5-87d1-572f-f418-e32d6a57200b" testName="AppInfraCdkV1.Tests.Unit.EnvironmentConfigTests.EnvironmentConfig_ShouldHandleNullTagsAssignment" computerName="kens" duration="00:00:00.0000996" startTime="2025-08-16T15:26:47.7684570-07:00" endTime="2025-08-16T15:26:47.7684580-07:00" testType="13cdc9d9-ddb5-4fa4-a97d-d965ccfc6d4b" outcome="Passed" testListId="8c84fa94-04c1-424b-9868-57a2d4851a1d" relativeResultsDirectory="367edbe2-a5cf-4a08-a1eb-d0a7c4d893d1" />
    <UnitTestResult executionId="17a157b8-3064-45f2-83d0-d01de957c018" testId="269d3612-0cdd-8798-1ac9-169562731369" testName="AppInfraCdkV1.Tests.Unit.ResourceNamerTests.IamPolicy_WithPurpose_ShouldGenerateCorrectName" computerName="kens" duration="00:00:00.0001031" startTime="2025-08-16T15:26:47.7486170-07:00" endTime="2025-08-16T15:26:47.7486170-07:00" testType="13cdc9d9-ddb5-4fa4-a97d-d965ccfc6d4b" outcome="Passed" testListId="8c84fa94-04c1-424b-9868-57a2d4851a1d" relativeResultsDirectory="17a157b8-3064-45f2-83d0-d01de957c018" />
    <UnitTestResult executionId="4cfd2bdf-3047-4062-b0dc-42298e09794d" testId="75e94279-821b-7a3d-06c9-6671288a3165" testName="AppInfraCdkV1.Tests.Integration.NamingValidationIntegrationTests.ValidateNamingConventions_WithValidEnvironmentAndApp_ShouldSucceed(environment: &quot;Development&quot;, application: &quot;TrialFinderV2&quot;)" computerName="kens" duration="00:00:00.0005676" startTime="2025-08-16T15:26:47.7672780-07:00" endTime="2025-08-16T15:26:47.7672780-07:00" testType="13cdc9d9-ddb5-4fa4-a97d-d965ccfc6d4b" outcome="Passed" testListId="8c84fa94-04c1-424b-9868-57a2d4851a1d" relativeResultsDirectory="4cfd2bdf-3047-4062-b0dc-42298e09794d" />
    <UnitTestResult executionId="ad0e0098-d0f6-4acb-8bb3-ae9932abf01e" testId="3f1c3aef-9aab-6b7e-5734-fb2e727eb197" testName="AppInfraCdkV1.Tests.Integration.NamingValidationIntegrationTests.ValidateCognitoResourceUniqueness_WithValidEnvironmentAndApp_ShouldBeUnique(environment: &quot;Development&quot;, application: &quot;TrialFinderV2&quot;)" computerName="kens" duration="00:00:00.0011695" startTime="2025-08-16T15:26:47.7693160-07:00" endTime="2025-08-16T15:26:47.7693160-07:00" testType="13cdc9d9-ddb5-4fa4-a97d-d965ccfc6d4b" outcome="Passed" testListId="8c84fa94-04c1-424b-9868-57a2d4851a1d" relativeResultsDirectory="ad0e0098-d0f6-4acb-8bb3-ae9932abf01e" />
    <UnitTestResult executionId="d9ea8ab1-84c7-4b51-9d6b-4c7c2da5c09b" testId="7044d863-9103-a865-4456-b79911109b5d" testName="AppInfraCdkV1.Tests.Unit.NamingConventionTests.GetEnvironmentPrefixWithValidEnumReturnsCorrectPrefix(environment: Integration, expectedPrefix: &quot;int&quot;)" computerName="kens" duration="00:00:00.0000035" startTime="2025-08-16T15:26:47.7616910-07:00" endTime="2025-08-16T15:26:47.7616910-07:00" testType="13cdc9d9-ddb5-4fa4-a97d-d965ccfc6d4b" outcome="Passed" testListId="8c84fa94-04c1-424b-9868-57a2d4851a1d" relativeResultsDirectory="d9ea8ab1-84c7-4b51-9d6b-4c7c2da5c09b" />
    <UnitTestResult executionId="b91e39b7-47e2-4652-8111-daf46557eb62" testId="7837c567-0fb0-f6bc-07e4-ddc058dbad82" testName="AppInfraCdkV1.Tests.Unit.EnvironmentConfigTests.IsProductionClass_WithProductionAccountType_ShouldReturnTrue" computerName="kens" duration="00:00:00.0000227" startTime="2025-08-16T15:26:47.7685320-07:00" endTime="2025-08-16T15:26:47.7685320-07:00" testType="13cdc9d9-ddb5-4fa4-a97d-d965ccfc6d4b" outcome="Passed" testListId="8c84fa94-04c1-424b-9868-57a2d4851a1d" relativeResultsDirectory="b91e39b7-47e2-4652-8111-daf46557eb62" />
    <UnitTestResult executionId="7b21731f-e555-4753-b840-b2d5e171c05c" testId="4cf3de97-d85b-e0c8-4323-d938738cf79b" testName="AppInfraCdkV1.Tests.Unit.ResourceNamerTests.EcsCluster_WithDefaultPurpose_ShouldGenerateCorrectName" computerName="kens" duration="00:00:00.0003006" startTime="2025-08-16T15:26:47.7515240-07:00" endTime="2025-08-16T15:26:47.7515240-07:00" testType="13cdc9d9-ddb5-4fa4-a97d-d965ccfc6d4b" outcome="Passed" testListId="8c84fa94-04c1-424b-9868-57a2d4851a1d" relativeResultsDirectory="7b21731f-e555-4753-b840-b2d5e171c05c" />
    <UnitTestResult executionId="bfa9a18d-54ac-4398-8c00-a3fae815c7b8" testId="0af66935-b2ab-72fc-e2c7-eede6d8e757c" testName="AppInfraCdkV1.Tests.Integration.NamingValidationIntegrationTests.ValidateCognitoResourcePurpose_WithValidEnvironmentAndApp_ShouldHaveCorrectPurpose(environment: &quot;Production&quot;, application: &quot;TrialFinderV2&quot;)" computerName="kens" duration="00:00:00.0009368" startTime="2025-08-16T15:26:47.7705420-07:00" endTime="2025-08-16T15:26:47.7705420-07:00" testType="13cdc9d9-ddb5-4fa4-a97d-d965ccfc6d4b" outcome="Passed" testListId="8c84fa94-04c1-424b-9868-57a2d4851a1d" relativeResultsDirectory="bfa9a18d-54ac-4398-8c00-a3fae815c7b8" />
    <UnitTestResult executionId="bc736930-ea2f-481a-afe3-af5d4bf1f266" testId="482c10eb-0c3a-c582-0595-9e35d741fbb7" testName="AppInfraCdkV1.Tests.Unit.DeploymentContextTests.DeployedAtDefaultValueIsRecentUtcTime" computerName="kens" duration="00:00:00.0021886" startTime="2025-08-16T15:26:47.7656300-07:00" endTime="2025-08-16T15:26:47.7656300-07:00" testType="13cdc9d9-ddb5-4fa4-a97d-d965ccfc6d4b" outcome="Passed" testListId="8c84fa94-04c1-424b-9868-57a2d4851a1d" relativeResultsDirectory="bc736930-ea2f-481a-afe3-af5d4bf1f266" />
    <UnitTestResult executionId="9861e1a6-7298-4381-ae37-89c7435bb681" testId="61bfe640-3ebb-4938-3b70-2e91690f7ea2" testName="AppInfraCdkV1.Tests.Unit.EnvironmentConfigTests.IsProductionClass_WithNonProductionAccountType_ShouldReturnFalse" computerName="kens" duration="00:00:00.0000773" startTime="2025-08-16T15:26:47.7679390-07:00" endTime="2025-08-16T15:26:47.7679390-07:00" testType="13cdc9d9-ddb5-4fa4-a97d-d965ccfc6d4b" outcome="Passed" testListId="8c84fa94-04c1-424b-9868-57a2d4851a1d" relativeResultsDirectory="9861e1a6-7298-4381-ae37-89c7435bb681" />
    <UnitTestResult executionId="72fbfd09-99c5-4378-a428-42780cc61d17" testId="ee266587-9819-80c2-0582-ad1fd616d814" testName="AppInfraCdkV1.Tests.Integration.NamingValidationIntegrationTests.ValidateNamingConventions_WithValidEnvironmentAndApp_ShouldSucceed(environment: &quot;Production&quot;, application: &quot;TrialMatch&quot;)" computerName="kens" duration="00:00:00.0009410" startTime="2025-08-16T15:26:47.7670810-07:00" endTime="2025-08-16T15:26:47.7670810-07:00" testType="13cdc9d9-ddb5-4fa4-a97d-d965ccfc6d4b" outcome="Passed" testListId="8c84fa94-04c1-424b-9868-57a2d4851a1d" relativeResultsDirectory="72fbfd09-99c5-4378-a428-42780cc61d17" />
[...]
[xUnit.net 00:00:01.53]            at System.Runtime.CompilerServices.TaskAwaiter.HandleNonSuccessAndDebuggerNotification(Task task, ConfigureAwaitOptions options)
[xUnit.net 00:00:01.53]         --- End of stack trace from previous location ---
[xUnit.net 00:00:01.53]            at System.Runtime.ExceptionServices.ExceptionDispatchInfo.Throw()
[xUnit.net 00:00:01.53]            at System.Runtime.CompilerServices.TaskAwaiter.ThrowForNonSuccess(Task task)
[xUnit.net 00:00:01.53]            at System.Runtime.CompilerServices.TaskAwaiter.HandleNonSuccessAndDebuggerNotification(Task task, ConfigureAwaitOptions options)
[xUnit.net 00:00:01.53]            at System.Runtime.ExceptionServices.ExceptionDispatchInfo.Throw()
[xUnit.net 00:00:01.53]            at System.Runtime.CompilerServices.TaskAwaiter.ThrowForNonSuccess(Task task)
[xUnit.net 00:00:01.53]            at System.Runtime.CompilerServices.TaskAwaiter.HandleNonSuccessAndDebuggerNotification(Task task, ConfigureAwaitOptions options)
[xUnit.net 00:00:01.91]       Shouldly.ShouldAssertException : result.ExitCode&#xD;
[xUnit.net 00:00:01.91]           should not be&#xD;
[xUnit.net 00:00:01.91]       0&#xD;
[xUnit.net 00:00:01.91]           but was&#xD;
[xUnit.net 00:00:01.91]       &#xD;
[xUnit.net 00:00:01.91]       Additional Info:&#xD;
[xUnit.net 00:00:01.91]           Command should fail with invalid environment
[xUnit.net 00:00:01.91]       Stack Trace:
[xUnit.net 00:00:01.91]         /Users/ken/code/AppInfraCdkV1/AppInfraCdkV1.Tests/Integration/ShowNamesOnlyIntegrationTests.cs(182,0): at AppInfraCdkV1.Tests.Integration.ShowNamesOnlyIntegrationTests.ShowNamesOnly_WithInvalidEnvironment_FailsWithError()
[xUnit.net 00:00:01.91]            at System.Runtime.ExceptionServices.ExceptionDispatchInfo.Throw()
[xUnit.net 00:00:01.91]            at System.Runtime.CompilerServices.TaskAwaiter.ThrowForNonSuccess(Task task)
[xUnit.net 00:00:01.91]            at System.Runtime.CompilerServices.TaskAwaiter.HandleNonSuccessAndDebuggerNotification(Task task, ConfigureAwaitOptions options)
[xUnit.net 00:00:01.91]         --- End of stack trace from previous location ---
[xUnit.net 00:00:01.91]            at System.Runtime.ExceptionServices.ExceptionDispatchInfo.Throw()
[xUnit.net 00:00:01.91]            at System.Runtime.CompilerServices.TaskAwaiter.ThrowForNonSuccess(Task task)
[xUnit.net 00:00:01.91]            at System.Runtime.CompilerServices.TaskAwaiter.HandleNonSuccessAndDebuggerNotification(Task task, ConfigureAwaitOptions options)
[xUnit.net 00:00:01.91]            at System.Runtime.ExceptionServices.ExceptionDispatchInfo.Throw()
[xUnit.net 00:00:01.91]            at System.Runtime.CompilerServices.TaskAwaiter.ThrowForNonSuccess(Task task)
[xUnit.net 00:00:01.91]            at System.Runtime.CompilerServices.TaskAwaiter.HandleNonSuccessAndDebuggerNotification(Task task, ConfigureAwaitOptions options)
[xUnit.net 00:00:02.17]       Shouldly.ShouldAssertException : result.StandardOutput&#xD;
[xUnit.net 00:00:02.17]           should contain (case insensitive comparison)&#xD;
[xUnit.net 00:00:02.17]       "API Service:"&#xD;
[xUnit.net 00:00:02.17]           but was actually&#xD;
[xUnit.net 00:00:02.17]       "\ud83d\ude80 Starting CDK deployment for TrialFinderV2 in Development
[xUnit.net 00:00:02.17]       \ud83d\udd0d Validating naming conventions...
[xUnit.net 00:00:02.17]       ✅ Na..."
[xUnit.net 00:00:02.17]       Stack Trace:
[xUnit.net 00:00:02.17]         /Users/ken/code/AppInfraCdkV1/AppInfraCdkV1.Tests/Integration/ShowNamesOnlyIntegrationTests.cs(93,0): at AppInfraCdkV1.Tests.Integration.ShowNamesOnlyIntegrationTests.ShowNamesOnly_WithValidEnvironmentAndApp_ContainsExpectedResourceNames(String environment, String application)
[xUnit.net 00:00:02.17]            at System.Runtime.ExceptionServices.ExceptionDispatchInfo.Throw()
[xUnit.net 00:00:02.17]            at System.Runtime.CompilerServices.TaskAwaiter.ThrowForNonSuccess(Task task)
[xUnit.net 00:00:02.17]            at System.Runtime.CompilerServices.TaskAwaiter.HandleNonSuccessAndDebuggerNotification(Task task, ConfigureAwaitOptions options)
[xUnit.net 00:00:02.17]         --- End of stack trace from previous location ---
[xUnit.net 00:00:02.17]            at System.Runtime.ExceptionServices.ExceptionDispatchInfo.Throw()
[xUnit.net 00:00:02.17]            at System.Runtime.CompilerServices.TaskAwaiter.ThrowForNonSuccess(Task task)
[xUnit.net 00:00:02.17]            at System.Runtime.CompilerServices.TaskAwaiter.HandleNonSuccessAndDebuggerNotification(Task task, ConfigureAwaitOptions options)
[xUnit.net 00:00:02.17]            at System.Runtime.ExceptionServices.ExceptionDispatchInfo.Throw()
[xUnit.net 00:00:02.17]            at System.Runtime.CompilerServices.TaskAwaiter.ThrowForNonSuccess(Task task)
[xUnit.net 00:00:02.17]            at System.Runtime.CompilerServices.TaskAwaiter.HandleNonSuccessAndDebuggerNotification(Task task, ConfigureAwaitOptions options)
[xUnit.net 00:00:02.26]       Shouldly.ShouldAssertException : result.StandardOutput&#xD;
[xUnit.net 00:00:02.26]           should contain (case insensitive comparison)&#xD;
[xUnit.net 00:00:02.26]       "API Service:"&#xD;
[xUnit.net 00:00:02.26]           but was actually&#xD;
[xUnit.net 00:00:02.26]       "\ud83d\ude80 Starting CDK deployment for TrialFinderV2 in Development
[xUnit.net 00:00:02.26]       \ud83d\udd0d Validating naming conventions...
[xUnit.net 00:00:02.26]       ✅ Na..."
[xUnit.net 00:00:02.26]       Stack Trace:
[xUnit.net 00:00:02.26]         /Users/ken/code/AppInfraCdkV1/AppInfraCdkV1.Tests/Integration/ShowNamesOnlyIntegrationTests.cs(93,0): at AppInfraCdkV1.Tests.Integration.ShowNamesOnlyIntegrationTests.ShowNamesOnly_WithValidEnvironmentAndApp_ContainsExpectedResourceNames(String environment, String application)
[xUnit.net 00:00:02.26]            at System.Runtime.ExceptionServices.ExceptionDispatchInfo.Throw()
[xUnit.net 00:00:02.26]            at System.Runtime.CompilerServices.TaskAwaiter.ThrowForNonSuccess(Task task)
[xUnit.net 00:00:02.26]            at System.Runtime.CompilerServices.TaskAwaiter.HandleNonSuccessAndDebuggerNotification(Task task, ConfigureAwaitOptions options)
[xUnit.net 00:00:02.26]         --- End of stack trace from previous location ---
[xUnit.net 00:00:02.26]            at System.Runtime.ExceptionServices.ExceptionDispatchInfo.Throw()
[xUnit.net 00:00:02.26]            at System.Runtime.CompilerServices.TaskAwaiter.ThrowForNonSuccess(Task task)
[xUnit.net 00:00:02.26]            at System.Runtime.CompilerServices.TaskAwaiter.HandleNonSuccessAndDebuggerNotification(Task task, ConfigureAwaitOptions options)
[xUnit.net 00:00:02.26]            at System.Runtime.ExceptionServices.ExceptionDispatchInfo.Throw()
[xUnit.net 00:00:02.26]            at System.Runtime.CompilerServices.TaskAwaiter.ThrowForNonSuccess(Task task)
[xUnit.net 00:00:02.26]            at System.Runtime.CompilerServices.TaskAwaiter.HandleNonSuccessAndDebuggerNotification(Task task, ConfigureAwaitOptions options)
[xUnit.net 00:00:02.35]       Shouldly.ShouldAssertException : result.StandardOutput&#xD;
[xUnit.net 00:00:02.35]           should contain (case insensitive comparison)&#xD;
[xUnit.net 00:00:02.35]       "prod-tm-"&#xD;
[xUnit.net 00:00:02.35]           but was actually&#xD;
[xUnit.net 00:00:02.35]       "\ud83d\ude80 Starting CDK deployment for TrialFinderV2 in Development
[xUnit.net 00:00:02.35]       \ud83d\udd0d Validating naming conventions...
[xUnit.net 00:00:02.35]       ✅ Na..."
[xUnit.net 00:00:02.35]       Stack Trace:
[xUnit.net 00:00:02.35]         /Users/ken/code/AppInfraCdkV1/AppInfraCdkV1.Tests/Integration/ShowNamesOnlyIntegrationTests.cs(218,0): at AppInfraCdkV1.Tests.Integration.ShowNamesOnlyIntegrationTests.ShowNamesOnly_GeneratesCorrectNamingPrefix(String environment, String application, String expectedPrefix)
[xUnit.net 00:00:02.35]            at System.Runtime.ExceptionServices.ExceptionDispatchInfo.Throw()
[xUnit.net 00:00:02.35]            at System.Runtime.CompilerServices.TaskAwaiter.ThrowForNonSuccess(Task task)
[xUnit.net 00:00:02.35]            at System.Runtime.CompilerServices.TaskAwaiter.HandleNonSuccessAndDebuggerNotification(Task task, ConfigureAwaitOptions options)
[xUnit.net 00:00:02.35]         --- End of stack trace from previous location ---
[xUnit.net 00:00:02.35]            at System.Runtime.ExceptionServices.ExceptionDispatchInfo.Throw()
[xUnit.net 00:00:02.35]            at System.Runtime.CompilerServices.TaskAwaiter.ThrowForNonSuccess(Task task)
[xUnit.net 00:00:02.35]            at System.Runtime.CompilerServices.TaskAwaiter.HandleNonSuccessAndDebuggerNotification(Task task, ConfigureAwaitOptions options)
[xUnit.net 00:00:02.35]            at System.Runtime.ExceptionServices.ExceptionDispatchInfo.Throw()
[xUnit.net 00:00:02.35]            at System.Runtime.CompilerServices.TaskAwaiter.ThrowForNonSuccess(Task task)
[xUnit.net 00:00:02.35]            at System.Runtime.CompilerServices.TaskAwaiter.HandleNonSuccessAndDebuggerNotification(Task task, ConfigureAwaitOptions options)
[xUnit.net 00:00:02.44]       Shouldly.ShouldAssertException : result.StandardOutput&#xD;
[xUnit.net 00:00:02.44]           should contain (case insensitive comparison)&#xD;
[xUnit.net 00:00:02.44]       "dev-tm-"&#xD;
[xUnit.net 00:00:02.44]           but was actually&#xD;
[xUnit.net 00:00:02.44]       "\ud83d\ude80 Starting CDK deployment for TrialFinderV2 in Development
[xUnit.net 00:00:02.44]       \ud83d\udd0d Validating naming conventions...
[xUnit.net 00:00:02.44]       ✅ Na..."
[xUnit.net 00:00:02.44]       Stack Trace:
[xUnit.net 00:00:02.44]         /Users/ken/code/AppInfraCdkV1/AppInfraCdkV1.Tests/Integration/ShowNamesOnlyIntegrationTests.cs(218,0): at AppInfraCdkV1.Tests.Integration.ShowNamesOnlyIntegrationTests.ShowNamesOnly_GeneratesCorrectNamingPrefix(String environment, String application, String expectedPrefix)
[xUnit.net 00:00:02.44]            at System.Runtime.ExceptionServices.ExceptionDispatchInfo.Throw()
[xUnit.net 00:00:02.44]            at System.Runtime.CompilerServices.TaskAwaiter.ThrowForNonSuccess(Task task)
[xUnit.net 00:00:02.44]            at System.Runtime.CompilerServices.TaskAwaiter.HandleNonSuccessAndDebuggerNotification(Task task, ConfigureAwaitOptions options)
[xUnit.net 00:00:02.44]         --- End of stack trace from previous location ---
[xUnit.net 00:00:02.44]            at System.Runtime.ExceptionServices.ExceptionDispatchInfo.Throw()
[xUnit.net 00:00:02.44]            at System.Runtime.CompilerServices.TaskAwaiter.ThrowForNonSuccess(Task task)
[xUnit.net 00:00:02.44]            at System.Runtime.CompilerServices.TaskAwaiter.HandleNonSuccessAndDebuggerNotification(Task task, ConfigureAwaitOptions options)
[xUnit.net 00:00:02.44]            at System.Runtime.ExceptionServices.ExceptionDispatchInfo.Throw()
[xUnit.net 00:00:02.44]            at System.Runtime.CompilerServices.TaskAwaiter.ThrowForNonSuccess(Task task)
[xUnit.net 00:00:02.44]            at System.Runtime.CompilerServices.TaskAwaiter.HandleNonSuccessAndDebuggerNotification(Task task, ConfigureAwaitOptions options)
[xUnit.net 00:00:02.65]       Shouldly.ShouldAssertException : result.StandardOutput&#xD;
[xUnit.net 00:00:02.65]           should contain (case insensitive comparison)&#xD;
[xUnit.net 00:00:02.65]       "prod-tfv2-"&#xD;
[xUnit.net 00:00:02.65]           but was actually&#xD;
[xUnit.net 00:00:02.65]       "\ud83d\ude80 Starting CDK deployment for TrialFinderV2 in Development
[xUnit.net 00:00:02.65]       \ud83d\udd0d Validating naming conventions...
[xUnit.net 00:00:02.65]       ✅ Na..."
[xUnit.net 00:00:02.65]       Stack Trace:
[xUnit.net 00:00:02.65]         /Users/ken/code/AppInfraCdkV1/AppInfraCdkV1.Tests/Integration/ShowNamesOnlyIntegrationTests.cs(218,0): at AppInfraCdkV1.Tests.Integration.ShowNamesOnlyIntegrationTests.ShowNamesOnly_GeneratesCorrectNamingPrefix(String environment, String application, String expectedPrefix)
[xUnit.net 00:00:02.65]            at System.Runtime.ExceptionServices.ExceptionDispatchInfo.Throw()
[xUnit.net 00:00:02.65]            at System.Runtime.CompilerServices.TaskAwaiter.ThrowForNonSuccess(Task task)
[xUnit.net 00:00:02.65]            at System.Runtime.CompilerServices.TaskAwaiter.HandleNonSuccessAndDebuggerNotification(Task task, ConfigureAwaitOptions options)
[xUnit.net 00:00:02.65]         --- End of stack trace from previous location ---
[xUnit.net 00:00:02.65]            at System.Runtime.ExceptionServices.ExceptionDispatchInfo.Throw()
[xUnit.net 00:00:02.65]            at System.Runtime.CompilerServices.TaskAwaiter.ThrowForNonSuccess(Task task)
[xUnit.net 00:00:02.65]            at System.Runtime.CompilerServices.TaskAwaiter.HandleNonSuccessAndDebuggerNotification(Task task, ConfigureAwaitOptions options)
[xUnit.net 00:00:02.65]            at System.Runtime.ExceptionServices.ExceptionDispatchInfo.Throw()
[xUnit.net 00:00:02.65]            at System.Runtime.CompilerServices.TaskAwaiter.ThrowForNonSuccess(Task task)
[xUnit.net 00:00:02.65]            at System.Runtime.CompilerServices.TaskAwaiter.HandleNonSuccessAndDebuggerNotification(Task task, ConfigureAwaitOptions options)
[xUnit.net 00:00:02.85]       Shouldly.ShouldAssertException : result.ExitCode&#xD;
[xUnit.net 00:00:02.85]           should not be&#xD;
[xUnit.net 00:00:02.85]       0&#xD;
[xUnit.net 00:00:02.85]           but was&#xD;
[xUnit.net 00:00:02.85]       &#xD;
[xUnit.net 00:00:02.85]       Additional Info:&#xD;
[xUnit.net 00:00:02.85]           Command should fail with invalid application
[xUnit.net 00:00:02.85]       Stack Trace:
[xUnit.net 00:00:02.85]         /Users/ken/code/AppInfraCdkV1/AppInfraCdkV1.Tests/Integration/ShowNamesOnlyIntegrationTests.cs(196,0): at AppInfraCdkV1.Tests.Integration.ShowNamesOnlyIntegrationTests.ShowNamesOnly_WithInvalidApplication_FailsWithError()
[xUnit.net 00:00:02.85]            at System.Runtime.ExceptionServices.ExceptionDispatchInfo.Throw()
[xUnit.net 00:00:02.85]            at System.Runtime.CompilerServices.TaskAwaiter.ThrowForNonSuccess(Task task)
[xUnit.net 00:00:02.85]            at System.Runtime.CompilerServices.TaskAwaiter.HandleNonSuccessAndDebuggerNotification(Task task, ConfigureAwaitOptions options)
[xUnit.net 00:00:02.85]         --- End of stack trace from previous location ---
[xUnit.net 00:00:02.85]            at System.Runtime.ExceptionServices.ExceptionDispatchInfo.Throw()
[xUnit.net 00:00:02.85]            at System.Runtime.CompilerServices.TaskAwaiter.ThrowForNonSuccess(Task task)
[xUnit.net 00:00:02.85]            at System.Runtime.CompilerServices.TaskAwaiter.HandleNonSuccessAndDebuggerNotification(Task task, ConfigureAwaitOptions options)
[xUnit.net 00:00:02.85]            at System.Runtime.ExceptionServices.ExceptionDispatchInfo.Throw()
[xUnit.net 00:00:02.85]            at System.Runtime.CompilerServices.TaskAwaiter.ThrowForNonSuccess(Task task)
[xUnit.net 00:00:02.85]            at System.Runtime.CompilerServices.TaskAwaiter.HandleNonSuccessAndDebuggerNotification(Task task, ConfigureAwaitOptions options)
[xUnit.net 00:00:02.85]   Finished:    AppInfraCdkV1.Tests
</StdOut>
    </Output>
    <RunInfos>
      <RunInfo computerName="kens" outcome="Error" timestamp="2025-08-16T15:26:47.8986560-07:00">
        <Text>[xUnit.net 00:00:00.33]     AppInfraCdkV1.Tests.Integration.ShowNamesOnlyIntegrationTests.ShowNamesOnly_WithValidEnvironmentAndApp_PassesValidation(environment: "Development", application: "TrialMatch") [FAIL]</Text>
      </RunInfo>
      <RunInfo computerName="kens" outcome="Error" timestamp="2025-08-16T15:26:47.9007470-07:00">
        <Text>[xUnit.net 00:00:00.33]     AppInfraCdkV1.Tests.Integration.ShowNamesOnlyBasicTest.ShowNamesOnly_BasicExecution_ReturnsExpectedOutput(application: "TrialMatch") [FAIL]</Text>
      </RunInfo>
      <RunInfo computerName="kens" outcome="Error" timestamp="2025-08-16T15:26:47.9733970-07:00">
        <Text>[xUnit.net 00:00:00.41]     AppInfraCdkV1.Tests.Integration.ShowNamesOnlyIntegrationTests.ShowNamesOnly_WithValidEnvironmentAndApp_PassesValidation(environment: "Production", application: "TrialMatch") [FAIL]</Text>
      </RunInfo>
      <RunInfo computerName="kens" outcome="Error" timestamp="2025-08-16T15:26:48.1061050-07:00">
        <Text>[xUnit.net 00:00:00.54]     AppInfraCdkV1.Tests.Integration.ShowNamesOnlyIntegrationTests.ShowNamesOnly_WithValidEnvironmentAndApp_PassesValidation(environment: "Production", application: "TrialFinderV2") [FAIL]</Text>
      </RunInfo>
      <RunInfo computerName="kens" outcome="Error" timestamp="2025-08-16T15:26:48.2235440-07:00">
        <Text>[xUnit.net 00:00:00.65]     AppInfraCdkV1.Tests.Integration.ShowNamesOnlyIntegrationTests.ShowNamesOnly_WithValidEnvironmentAndApp_PassesValidation(environment: "Development", application: "TrialFinderV2") [FAIL]</Text>
      </RunInfo>
      <RunInfo computerName="kens" outcome="Error" timestamp="2025-08-16T15:26:48.9958850-07:00">
        <Text>[xUnit.net 00:00:01.43]     AppInfraCdkV1.Tests.Integration.ShowNamesOnlyIntegrationTests.ShowNamesOnly_WithValidEnvironmentAndApp_ContainsAccountContext(environment: "Production", application: "TrialMatch") [FAIL]</Text>
      </RunInfo>
      <RunInfo computerName="kens" outcome="Error" timestamp="2025-08-16T15:26:49.1005280-07:00">
        <Text>[xUnit.net 00:00:01.53]     AppInfraCdkV1.Tests.Integration.ShowNamesOnlyIntegrationTests.ShowNamesOnly_WithValidEnvironmentAndApp_ContainsAccountContext(environment: "Production", application: "TrialFinderV2") [FAIL]</Text>
      </RunInfo>
      <RunInfo computerName="kens" outcome="Error" timestamp="2025-08-16T15:26:49.4766400-07:00">
        <Text>[xUnit.net 00:00:01.91]     AppInfraCdkV1.Tests.Integration.ShowNamesOnlyIntegrationTests.ShowNamesOnly_WithInvalidEnvironment_FailsWithError [FAIL]</Text>
      </RunInfo>
      <RunInfo computerName="kens" outcome="Error" timestamp="2025-08-16T15:26:49.7414720-07:00">
        <Text>[xUnit.net 00:00:02.17]     AppInfraCdkV1.Tests.Integration.ShowNamesOnlyIntegrationTests.ShowNamesOnly_WithValidEnvironmentAndApp_ContainsExpectedResourceNames(environment: "Production", application: "TrialMatch") [FAIL]</Text>
      </RunInfo>
      <RunInfo computerName="kens" outcome="Error" timestamp="2025-08-16T15:26:49.8290800-07:00">
        <Text>[xUnit.net 00:00:02.26]     AppInfraCdkV1.Tests.Integration.ShowNamesOnlyIntegrationTests.ShowNamesOnly_WithValidEnvironmentAndApp_ContainsExpectedResourceNames(environment: "Development", application: "TrialMatch") [FAIL]</Text>
      </RunInfo>
      <RunInfo computerName="kens" outcome="Error" timestamp="2025-08-16T15:26:49.9193090-07:00">
        <Text>[xUnit.net 00:00:02.35]     AppInfraCdkV1.Tests.Integration.ShowNamesOnlyIntegrationTests.ShowNamesOnly_GeneratesCorrectNamingPrefix(environment: "Production", application: "TrialMatch", expectedPrefix: "prod") [FAIL]</Text>
      </RunInfo>
      <RunInfo computerName="kens" outcome="Error" timestamp="2025-08-16T15:26:50.0087390-07:00">
        <Text>[xUnit.net 00:00:02.44]     AppInfraCdkV1.Tests.Integration.ShowNamesOnlyIntegrationTests.ShowNamesOnly_GeneratesCorrectNamingPrefix(environment: "Development", application: "TrialMatch", expectedPrefix: "dev") [FAIL]</Text>
      </RunInfo>
      <RunInfo computerName="kens" outcome="Error" timestamp="2025-08-16T15:26:50.2203620-07:00">
        <Text>[xUnit.net 00:00:02.65]     AppInfraCdkV1.Tests.Integration.ShowNamesOnlyIntegrationTests.ShowNamesOnly_GeneratesCorrectNamingPrefix(environment: "Production", application: "TrialFinderV2", expectedPrefix: "prod") [FAIL]</Text>
      </RunInfo>
      <RunInfo computerName="kens" outcome="Error" timestamp="2025-08-16T15:26:50.4194720-07:00">
        <Text>[xUnit.net 00:00:02.85]     AppInfraCdkV1.Tests.Integration.ShowNamesOnlyIntegrationTests.ShowNamesOnly_WithInvalidApplication_FailsWithError [FAIL]</Text>
      </RunInfo>
    </RunInfos>
  </ResultSummary>
</TestRun>